mode: atomic
github.com/go-playground/validator/v10/translations/ar/ar.go:17.90,97.56 1 1
github.com/go-playground/validator/v10/translations/ar/ar.go:97.56,98.109 1 1
github.com/go-playground/validator/v10/translations/ar/ar.go:98.109,100.6 1 0
github.com/go-playground/validator/v10/translations/ar/ar.go:101.5,101.82 1 1
github.com/go-playground/validator/v10/translations/ar/ar.go:101.82,103.6 1 0
github.com/go-playground/validator/v10/translations/ar/ar.go:104.5,104.86 1 1
github.com/go-playground/validator/v10/translations/ar/ar.go:104.86,106.6 1 0
github.com/go-playground/validator/v10/translations/ar/ar.go:107.5,107.102 1 1
github.com/go-playground/validator/v10/translations/ar/ar.go:107.102,109.6 1 0
github.com/go-playground/validator/v10/translations/ar/ar.go:110.5,110.94 1 1
github.com/go-playground/validator/v10/translations/ar/ar.go:110.94,112.6 1 0
github.com/go-playground/validator/v10/translations/ar/ar.go:113.5,113.78 1 1
github.com/go-playground/validator/v10/translations/ar/ar.go:113.78,115.6 1 0
github.com/go-playground/validator/v10/translations/ar/ar.go:116.5,116.82 1 1
github.com/go-playground/validator/v10/translations/ar/ar.go:116.82,118.6 1 0
github.com/go-playground/validator/v10/translations/ar/ar.go:119.5,119.11 1 1
github.com/go-playground/validator/v10/translations/ar/ar.go:121.76,127.57 5 4
github.com/go-playground/validator/v10/translations/ar/ar.go:127.57,129.6 1 1
github.com/go-playground/validator/v10/translations/ar/ar.go:131.5,132.19 2 4
github.com/go-playground/validator/v10/translations/ar/ar.go:132.19,133.14 1 0
github.com/go-playground/validator/v10/translations/ar/ar.go:136.5,137.28 2 4
github.com/go-playground/validator/v10/translations/ar/ar.go:137.28,139.6 1 0
github.com/go-playground/validator/v10/translations/ar/ar.go:141.5,141.17 1 4
github.com/go-playground/validator/v10/translations/ar/ar.go:142.25,144.18 2 2
github.com/go-playground/validator/v10/translations/ar/ar.go:144.18,146.7 1 1
github.com/go-playground/validator/v10/translations/ar/ar.go:146.12,148.7 1 1
github.com/go-playground/validator/v10/translations/ar/ar.go:149.6,149.20 1 2
github.com/go-playground/validator/v10/translations/ar/ar.go:149.20,150.15 1 0
github.com/go-playground/validator/v10/translations/ar/ar.go:152.6,152.48 1 2
github.com/go-playground/validator/v10/translations/ar/ar.go:154.52,156.18 2 1
github.com/go-playground/validator/v10/translations/ar/ar.go:156.18,158.7 1 0
github.com/go-playground/validator/v10/translations/ar/ar.go:158.12,160.7 1 1
github.com/go-playground/validator/v10/translations/ar/ar.go:161.6,161.20 1 1
github.com/go-playground/validator/v10/translations/ar/ar.go:161.20,162.15 1 0
github.com/go-playground/validator/v10/translations/ar/ar.go:164.6,164.47 1 1
github.com/go-playground/validator/v10/translations/ar/ar.go:166.13,167.72 1 1
github.com/go-playground/validator/v10/translations/ar/ar.go:171.5,171.19 1 4
github.com/go-playground/validator/v10/translations/ar/ar.go:171.19,174.6 2 0
github.com/go-playground/validator/v10/translations/ar/ar.go:175.5,175.13 1 4
github.com/go-playground/validator/v10/translations/ar/ar.go:180.56,181.104 1 1
github.com/go-playground/validator/v10/translations/ar/ar.go:181.104,183.6 1 0
github.com/go-playground/validator/v10/translations/ar/ar.go:184.5,184.82 1 1
github.com/go-playground/validator/v10/translations/ar/ar.go:184.82,186.6 1 0
github.com/go-playground/validator/v10/translations/ar/ar.go:187.5,187.86 1 1
github.com/go-playground/validator/v10/translations/ar/ar.go:187.86,189.6 1 0
github.com/go-playground/validator/v10/translations/ar/ar.go:190.5,190.100 1 1
github.com/go-playground/validator/v10/translations/ar/ar.go:190.100,192.6 1 0
github.com/go-playground/validator/v10/translations/ar/ar.go:193.5,193.112 1 1
github.com/go-playground/validator/v10/translations/ar/ar.go:193.112,195.6 1 0
github.com/go-playground/validator/v10/translations/ar/ar.go:196.5,196.78 1 1
github.com/go-playground/validator/v10/translations/ar/ar.go:196.78,198.6 1 0
github.com/go-playground/validator/v10/translations/ar/ar.go:199.5,199.82 1 1
github.com/go-playground/validator/v10/translations/ar/ar.go:199.82,201.6 1 0
github.com/go-playground/validator/v10/translations/ar/ar.go:202.5,202.109 1 1
github.com/go-playground/validator/v10/translations/ar/ar.go:202.109,204.6 1 0
github.com/go-playground/validator/v10/translations/ar/ar.go:205.5,205.11 1 1
github.com/go-playground/validator/v10/translations/ar/ar.go:207.76,214.30 6 5
github.com/go-playground/validator/v10/translations/ar/ar.go:214.30,215.55 1 5
github.com/go-playground/validator/v10/translations/ar/ar.go:215.55,217.7 1 4
github.com/go-playground/validator/v10/translations/ar/ar.go:219.6,220.12 2 1
github.com/go-playground/validator/v10/translations/ar/ar.go:223.5,224.28 2 5
github.com/go-playground/validator/v10/translations/ar/ar.go:224.28,226.6 1 1
github.com/go-playground/validator/v10/translations/ar/ar.go:228.5,228.42 1 5
github.com/go-playground/validator/v10/translations/ar/ar.go:228.42,229.14 1 1
github.com/go-playground/validator/v10/translations/ar/ar.go:232.5,232.54 1 4
github.com/go-playground/validator/v10/translations/ar/ar.go:232.54,234.14 2 0
github.com/go-playground/validator/v10/translations/ar/ar.go:237.5,237.57 1 4
github.com/go-playground/validator/v10/translations/ar/ar.go:237.57,239.6 1 1
github.com/go-playground/validator/v10/translations/ar/ar.go:241.5,242.19 2 4
github.com/go-playground/validator/v10/translations/ar/ar.go:242.19,243.14 1 0
github.com/go-playground/validator/v10/translations/ar/ar.go:246.5,246.17 1 4
github.com/go-playground/validator/v10/translations/ar/ar.go:247.25,249.18 2 2
github.com/go-playground/validator/v10/translations/ar/ar.go:249.18,251.7 1 1
github.com/go-playground/validator/v10/translations/ar/ar.go:251.12,253.7 1 1
github.com/go-playground/validator/v10/translations/ar/ar.go:254.6,254.20 1 2
github.com/go-playground/validator/v10/translations/ar/ar.go:254.20,255.15 1 0
github.com/go-playground/validator/v10/translations/ar/ar.go:257.6,257.48 1 2
github.com/go-playground/validator/v10/translations/ar/ar.go:259.52,261.18 2 1
github.com/go-playground/validator/v10/translations/ar/ar.go:261.18,263.7 1 0
github.com/go-playground/validator/v10/translations/ar/ar.go:263.12,265.7 1 1
github.com/go-playground/validator/v10/translations/ar/ar.go:266.6,266.20 1 1
github.com/go-playground/validator/v10/translations/ar/ar.go:266.20,267.15 1 0
github.com/go-playground/validator/v10/translations/ar/ar.go:269.6,269.47 1 1
github.com/go-playground/validator/v10/translations/ar/ar.go:271.13,272.72 1 1
github.com/go-playground/validator/v10/translations/ar/ar.go:276.5,276.19 1 5
github.com/go-playground/validator/v10/translations/ar/ar.go:276.19,279.6 2 0
github.com/go-playground/validator/v10/translations/ar/ar.go:280.5,280.13 1 5
github.com/go-playground/validator/v10/translations/ar/ar.go:286.56,287.109 1 1
github.com/go-playground/validator/v10/translations/ar/ar.go:287.109,289.6 1 0
github.com/go-playground/validator/v10/translations/ar/ar.go:290.5,290.82 1 1
github.com/go-playground/validator/v10/translations/ar/ar.go:290.82,292.6 1 0
github.com/go-playground/validator/v10/translations/ar/ar.go:293.5,293.86 1 1
github.com/go-playground/validator/v10/translations/ar/ar.go:293.86,295.6 1 0
github.com/go-playground/validator/v10/translations/ar/ar.go:296.5,296.98 1 1
github.com/go-playground/validator/v10/translations/ar/ar.go:296.98,298.6 1 0
github.com/go-playground/validator/v10/translations/ar/ar.go:299.5,299.110 1 1
github.com/go-playground/validator/v10/translations/ar/ar.go:299.110,301.6 1 0
github.com/go-playground/validator/v10/translations/ar/ar.go:302.5,302.78 1 1
github.com/go-playground/validator/v10/translations/ar/ar.go:302.78,304.6 1 0
github.com/go-playground/validator/v10/translations/ar/ar.go:305.5,305.82 1 1
github.com/go-playground/validator/v10/translations/ar/ar.go:305.82,307.6 1 0
github.com/go-playground/validator/v10/translations/ar/ar.go:308.5,308.107 1 1
github.com/go-playground/validator/v10/translations/ar/ar.go:308.107,310.6 1 0
github.com/go-playground/validator/v10/translations/ar/ar.go:311.5,311.11 1 1
github.com/go-playground/validator/v10/translations/ar/ar.go:313.76,320.30 6 5
github.com/go-playground/validator/v10/translations/ar/ar.go:320.30,321.55 1 5
github.com/go-playground/validator/v10/translations/ar/ar.go:321.55,323.7 1 4
github.com/go-playground/validator/v10/translations/ar/ar.go:325.6,326.12 2 1
github.com/go-playground/validator/v10/translations/ar/ar.go:329.5,330.28 2 5
github.com/go-playground/validator/v10/translations/ar/ar.go:330.28,332.6 1 0
github.com/go-playground/validator/v10/translations/ar/ar.go:334.5,334.42 1 5
github.com/go-playground/validator/v10/translations/ar/ar.go:334.42,335.14 1 1
github.com/go-playground/validator/v10/translations/ar/ar.go:338.5,338.54 1 4
github.com/go-playground/validator/v10/translations/ar/ar.go:338.54,340.14 2 0
github.com/go-playground/validator/v10/translations/ar/ar.go:343.5,343.57 1 4
github.com/go-playground/validator/v10/translations/ar/ar.go:343.57,345.6 1 1
github.com/go-playground/validator/v10/translations/ar/ar.go:347.5,348.19 2 4
github.com/go-playground/validator/v10/translations/ar/ar.go:348.19,349.14 1 0
github.com/go-playground/validator/v10/translations/ar/ar.go:352.5,352.17 1 4
github.com/go-playground/validator/v10/translations/ar/ar.go:353.25,355.18 2 2
github.com/go-playground/validator/v10/translations/ar/ar.go:355.18,357.7 1 1
github.com/go-playground/validator/v10/translations/ar/ar.go:357.12,359.7 1 1
github.com/go-playground/validator/v10/translations/ar/ar.go:360.6,360.20 1 2
github.com/go-playground/validator/v10/translations/ar/ar.go:360.20,361.15 1 0
github.com/go-playground/validator/v10/translations/ar/ar.go:363.6,363.48 1 2
github.com/go-playground/validator/v10/translations/ar/ar.go:365.52,367.18 2 1
github.com/go-playground/validator/v10/translations/ar/ar.go:367.18,369.7 1 0
github.com/go-playground/validator/v10/translations/ar/ar.go:369.12,371.7 1 1
github.com/go-playground/validator/v10/translations/ar/ar.go:372.6,372.20 1 1
github.com/go-playground/validator/v10/translations/ar/ar.go:372.20,373.15 1 0
github.com/go-playground/validator/v10/translations/ar/ar.go:375.6,375.47 1 1
github.com/go-playground/validator/v10/translations/ar/ar.go:377.13,378.72 1 1
github.com/go-playground/validator/v10/translations/ar/ar.go:382.5,382.19 1 5
github.com/go-playground/validator/v10/translations/ar/ar.go:382.19,385.6 2 0
github.com/go-playground/validator/v10/translations/ar/ar.go:386.5,386.13 1 5
github.com/go-playground/validator/v10/translations/ar/ar.go:402.56,403.104 1 1
github.com/go-playground/validator/v10/translations/ar/ar.go:403.104,405.6 1 0
github.com/go-playground/validator/v10/translations/ar/ar.go:406.5,406.81 1 1
github.com/go-playground/validator/v10/translations/ar/ar.go:406.81,408.6 1 0
github.com/go-playground/validator/v10/translations/ar/ar.go:409.5,409.85 1 1
github.com/go-playground/validator/v10/translations/ar/ar.go:409.85,411.6 1 0
github.com/go-playground/validator/v10/translations/ar/ar.go:412.5,412.97 1 1
github.com/go-playground/validator/v10/translations/ar/ar.go:412.97,414.6 1 0
github.com/go-playground/validator/v10/translations/ar/ar.go:415.5,415.105 1 1
github.com/go-playground/validator/v10/translations/ar/ar.go:415.105,417.6 1 0
github.com/go-playground/validator/v10/translations/ar/ar.go:418.5,418.77 1 1
github.com/go-playground/validator/v10/translations/ar/ar.go:418.77,420.6 1 0
github.com/go-playground/validator/v10/translations/ar/ar.go:421.5,421.81 1 1
github.com/go-playground/validator/v10/translations/ar/ar.go:421.81,423.6 1 0
github.com/go-playground/validator/v10/translations/ar/ar.go:424.5,424.140 1 1
github.com/go-playground/validator/v10/translations/ar/ar.go:424.140,426.6 1 0
github.com/go-playground/validator/v10/translations/ar/ar.go:427.5,427.11 1 1
github.com/go-playground/validator/v10/translations/ar/ar.go:429.76,437.28 7 5
github.com/go-playground/validator/v10/translations/ar/ar.go:437.28,439.6 1 1
github.com/go-playground/validator/v10/translations/ar/ar.go:442.5,442.49 1 5
github.com/go-playground/validator/v10/translations/ar/ar.go:442.49,444.14 2 1
github.com/go-playground/validator/v10/translations/ar/ar.go:447.5,447.57 1 4
github.com/go-playground/validator/v10/translations/ar/ar.go:447.57,449.6 1 1
github.com/go-playground/validator/v10/translations/ar/ar.go:451.5,452.19 2 4
github.com/go-playground/validator/v10/translations/ar/ar.go:452.19,453.14 1 0
github.com/go-playground/validator/v10/translations/ar/ar.go:456.5,456.17 1 4
github.com/go-playground/validator/v10/translations/ar/ar.go:457.25,459.18 2 2
github.com/go-playground/validator/v10/translations/ar/ar.go:459.18,461.7 1 1
github.com/go-playground/validator/v10/translations/ar/ar.go:461.12,463.7 1 1
github.com/go-playground/validator/v10/translations/ar/ar.go:464.6,464.20 1 2
github.com/go-playground/validator/v10/translations/ar/ar.go:464.20,465.15 1 0
github.com/go-playground/validator/v10/translations/ar/ar.go:467.6,467.47 1 2
github.com/go-playground/validator/v10/translations/ar/ar.go:469.52,471.18 2 1
github.com/go-playground/validator/v10/translations/ar/ar.go:471.18,473.7 1 0
github.com/go-playground/validator/v10/translations/ar/ar.go:473.12,475.7 1 1
github.com/go-playground/validator/v10/translations/ar/ar.go:476.6,476.20 1 1
github.com/go-playground/validator/v10/translations/ar/ar.go:476.20,477.15 1 0
github.com/go-playground/validator/v10/translations/ar/ar.go:479.6,479.46 1 1
github.com/go-playground/validator/v10/translations/ar/ar.go:481.25,482.71 1 0
github.com/go-playground/validator/v10/translations/ar/ar.go:484.13,485.71 1 1
github.com/go-playground/validator/v10/translations/ar/ar.go:489.5,489.19 1 5
github.com/go-playground/validator/v10/translations/ar/ar.go:489.19,492.6 2 0
github.com/go-playground/validator/v10/translations/ar/ar.go:493.5,493.13 1 5
github.com/go-playground/validator/v10/translations/ar/ar.go:499.56,500.109 1 1
github.com/go-playground/validator/v10/translations/ar/ar.go:500.109,502.6 1 0
github.com/go-playground/validator/v10/translations/ar/ar.go:503.5,503.82 1 1
github.com/go-playground/validator/v10/translations/ar/ar.go:503.82,505.6 1 0
github.com/go-playground/validator/v10/translations/ar/ar.go:506.5,506.86 1 1
github.com/go-playground/validator/v10/translations/ar/ar.go:506.86,508.6 1 0
github.com/go-playground/validator/v10/translations/ar/ar.go:509.5,509.98 1 1
github.com/go-playground/validator/v10/translations/ar/ar.go:509.98,511.6 1 0
github.com/go-playground/validator/v10/translations/ar/ar.go:512.5,512.110 1 1
github.com/go-playground/validator/v10/translations/ar/ar.go:512.110,514.6 1 0
github.com/go-playground/validator/v10/translations/ar/ar.go:515.5,515.78 1 1
github.com/go-playground/validator/v10/translations/ar/ar.go:515.78,517.6 1 0
github.com/go-playground/validator/v10/translations/ar/ar.go:518.5,518.82 1 1
github.com/go-playground/validator/v10/translations/ar/ar.go:518.82,520.6 1 0
github.com/go-playground/validator/v10/translations/ar/ar.go:521.5,521.157 1 1
github.com/go-playground/validator/v10/translations/ar/ar.go:521.157,523.6 1 0
github.com/go-playground/validator/v10/translations/ar/ar.go:524.5,524.11 1 1
github.com/go-playground/validator/v10/translations/ar/ar.go:526.76,534.28 7 5
github.com/go-playground/validator/v10/translations/ar/ar.go:534.28,536.6 1 1
github.com/go-playground/validator/v10/translations/ar/ar.go:539.5,539.49 1 5
github.com/go-playground/validator/v10/translations/ar/ar.go:539.49,541.14 2 1
github.com/go-playground/validator/v10/translations/ar/ar.go:544.5,544.57 1 4
github.com/go-playground/validator/v10/translations/ar/ar.go:544.57,546.6 1 1
github.com/go-playground/validator/v10/translations/ar/ar.go:548.5,549.19 2 4
github.com/go-playground/validator/v10/translations/ar/ar.go:549.19,550.14 1 0
github.com/go-playground/validator/v10/translations/ar/ar.go:553.5,553.17 1 4
github.com/go-playground/validator/v10/translations/ar/ar.go:554.25,556.18 2 2
github.com/go-playground/validator/v10/translations/ar/ar.go:556.18,558.7 1 1
github.com/go-playground/validator/v10/translations/ar/ar.go:558.12,560.7 1 1
github.com/go-playground/validator/v10/translations/ar/ar.go:561.6,561.20 1 2
github.com/go-playground/validator/v10/translations/ar/ar.go:561.20,562.15 1 0
github.com/go-playground/validator/v10/translations/ar/ar.go:564.6,564.48 1 2
github.com/go-playground/validator/v10/translations/ar/ar.go:566.52,568.18 2 1
github.com/go-playground/validator/v10/translations/ar/ar.go:568.18,570.7 1 0
github.com/go-playground/validator/v10/translations/ar/ar.go:570.12,572.7 1 1
github.com/go-playground/validator/v10/translations/ar/ar.go:573.6,573.20 1 1
github.com/go-playground/validator/v10/translations/ar/ar.go:573.20,574.15 1 0
github.com/go-playground/validator/v10/translations/ar/ar.go:576.6,576.47 1 1
github.com/go-playground/validator/v10/translations/ar/ar.go:578.25,579.72 1 0
github.com/go-playground/validator/v10/translations/ar/ar.go:581.13,582.72 1 1
github.com/go-playground/validator/v10/translations/ar/ar.go:586.5,586.19 1 5
github.com/go-playground/validator/v10/translations/ar/ar.go:586.19,589.6 2 0
github.com/go-playground/validator/v10/translations/ar/ar.go:590.5,590.13 1 5
github.com/go-playground/validator/v10/translations/ar/ar.go:598.76,600.19 2 0
github.com/go-playground/validator/v10/translations/ar/ar.go:600.19,603.6 2 0
github.com/go-playground/validator/v10/translations/ar/ar.go:605.5,605.13 1 0
github.com/go-playground/validator/v10/translations/ar/ar.go:612.76,614.19 2 0
github.com/go-playground/validator/v10/translations/ar/ar.go:614.19,617.6 2 0
github.com/go-playground/validator/v10/translations/ar/ar.go:619.5,619.13 1 0
github.com/go-playground/validator/v10/translations/ar/ar.go:626.76,628.19 2 0
github.com/go-playground/validator/v10/translations/ar/ar.go:628.19,631.6 2 0
github.com/go-playground/validator/v10/translations/ar/ar.go:633.5,633.13 1 0
github.com/go-playground/validator/v10/translations/ar/ar.go:640.76,642.19 2 0
github.com/go-playground/validator/v10/translations/ar/ar.go:642.19,645.6 2 0
github.com/go-playground/validator/v10/translations/ar/ar.go:647.5,647.13 1 0
github.com/go-playground/validator/v10/translations/ar/ar.go:654.76,656.19 2 0
github.com/go-playground/validator/v10/translations/ar/ar.go:656.19,659.6 2 0
github.com/go-playground/validator/v10/translations/ar/ar.go:661.5,661.13 1 0
github.com/go-playground/validator/v10/translations/ar/ar.go:668.76,670.19 2 0
github.com/go-playground/validator/v10/translations/ar/ar.go:670.19,673.6 2 0
github.com/go-playground/validator/v10/translations/ar/ar.go:675.5,675.13 1 0
github.com/go-playground/validator/v10/translations/ar/ar.go:682.76,684.19 2 0
github.com/go-playground/validator/v10/translations/ar/ar.go:684.19,687.6 2 0
github.com/go-playground/validator/v10/translations/ar/ar.go:689.5,689.13 1 0
github.com/go-playground/validator/v10/translations/ar/ar.go:696.76,698.19 2 0
github.com/go-playground/validator/v10/translations/ar/ar.go:698.19,701.6 2 0
github.com/go-playground/validator/v10/translations/ar/ar.go:703.5,703.13 1 0
github.com/go-playground/validator/v10/translations/ar/ar.go:708.56,709.106 1 1
github.com/go-playground/validator/v10/translations/ar/ar.go:709.106,711.6 1 0
github.com/go-playground/validator/v10/translations/ar/ar.go:712.5,712.81 1 1
github.com/go-playground/validator/v10/translations/ar/ar.go:712.81,714.6 1 0
github.com/go-playground/validator/v10/translations/ar/ar.go:715.5,715.85 1 1
github.com/go-playground/validator/v10/translations/ar/ar.go:715.85,717.6 1 0
github.com/go-playground/validator/v10/translations/ar/ar.go:718.5,718.99 1 1
github.com/go-playground/validator/v10/translations/ar/ar.go:718.99,720.6 1 0
github.com/go-playground/validator/v10/translations/ar/ar.go:721.5,721.107 1 1
github.com/go-playground/validator/v10/translations/ar/ar.go:721.107,723.6 1 0
github.com/go-playground/validator/v10/translations/ar/ar.go:724.5,724.77 1 1
github.com/go-playground/validator/v10/translations/ar/ar.go:724.77,726.6 1 0
github.com/go-playground/validator/v10/translations/ar/ar.go:727.5,727.81 1 1
github.com/go-playground/validator/v10/translations/ar/ar.go:727.81,729.6 1 0
github.com/go-playground/validator/v10/translations/ar/ar.go:730.5,730.142 1 1
github.com/go-playground/validator/v10/translations/ar/ar.go:730.142,732.6 1 0
github.com/go-playground/validator/v10/translations/ar/ar.go:733.5,733.11 1 1
github.com/go-playground/validator/v10/translations/ar/ar.go:735.76,743.28 7 5
github.com/go-playground/validator/v10/translations/ar/ar.go:743.28,745.6 1 1
github.com/go-playground/validator/v10/translations/ar/ar.go:748.5,748.49 1 5
github.com/go-playground/validator/v10/translations/ar/ar.go:748.49,750.14 2 1
github.com/go-playground/validator/v10/translations/ar/ar.go:753.5,753.57 1 4
github.com/go-playground/validator/v10/translations/ar/ar.go:753.57,755.6 1 1
github.com/go-playground/validator/v10/translations/ar/ar.go:757.5,758.19 2 4
github.com/go-playground/validator/v10/translations/ar/ar.go:758.19,759.14 1 0
github.com/go-playground/validator/v10/translations/ar/ar.go:762.5,762.17 1 4
github.com/go-playground/validator/v10/translations/ar/ar.go:763.25,765.18 2 2
github.com/go-playground/validator/v10/translations/ar/ar.go:765.18,767.7 1 0
github.com/go-playground/validator/v10/translations/ar/ar.go:767.12,769.7 1 2
github.com/go-playground/validator/v10/translations/ar/ar.go:770.6,770.20 1 2
github.com/go-playground/validator/v10/translations/ar/ar.go:770.20,771.15 1 0
github.com/go-playground/validator/v10/translations/ar/ar.go:773.6,773.47 1 2
github.com/go-playground/validator/v10/translations/ar/ar.go:775.52,777.18 2 1
github.com/go-playground/validator/v10/translations/ar/ar.go:777.18,779.7 1 0
github.com/go-playground/validator/v10/translations/ar/ar.go:779.12,781.7 1 1
github.com/go-playground/validator/v10/translations/ar/ar.go:782.6,782.20 1 1
github.com/go-playground/validator/v10/translations/ar/ar.go:782.20,783.15 1 0
github.com/go-playground/validator/v10/translations/ar/ar.go:785.6,785.46 1 1
github.com/go-playground/validator/v10/translations/ar/ar.go:787.25,788.71 1 0
github.com/go-playground/validator/v10/translations/ar/ar.go:790.13,791.71 1 1
github.com/go-playground/validator/v10/translations/ar/ar.go:795.5,795.19 1 5
github.com/go-playground/validator/v10/translations/ar/ar.go:795.19,798.6 2 0
github.com/go-playground/validator/v10/translations/ar/ar.go:799.5,799.13 1 5
github.com/go-playground/validator/v10/translations/ar/ar.go:882.76,884.19 2 0
github.com/go-playground/validator/v10/translations/ar/ar.go:884.19,887.6 2 0
github.com/go-playground/validator/v10/translations/ar/ar.go:889.5,889.13 1 0
github.com/go-playground/validator/v10/translations/ar/ar.go:896.76,898.19 2 0
github.com/go-playground/validator/v10/translations/ar/ar.go:898.19,901.6 2 0
github.com/go-playground/validator/v10/translations/ar/ar.go:903.5,903.13 1 0
github.com/go-playground/validator/v10/translations/ar/ar.go:910.76,912.19 2 0
github.com/go-playground/validator/v10/translations/ar/ar.go:912.19,915.6 2 0
github.com/go-playground/validator/v10/translations/ar/ar.go:917.5,917.13 1 0
github.com/go-playground/validator/v10/translations/ar/ar.go:924.76,926.19 2 0
github.com/go-playground/validator/v10/translations/ar/ar.go:926.19,929.6 2 0
github.com/go-playground/validator/v10/translations/ar/ar.go:931.5,931.13 1 0
github.com/go-playground/validator/v10/translations/ar/ar.go:938.76,940.19 2 0
github.com/go-playground/validator/v10/translations/ar/ar.go:940.19,943.6 2 0
github.com/go-playground/validator/v10/translations/ar/ar.go:945.5,945.13 1 0
github.com/go-playground/validator/v10/translations/ar/ar.go:1127.76,1129.19 2 0
github.com/go-playground/validator/v10/translations/ar/ar.go:1129.19,1132.6 2 0
github.com/go-playground/validator/v10/translations/ar/ar.go:1133.5,1133.13 1 0
github.com/go-playground/validator/v10/translations/ar/ar.go:1160.76,1162.19 2 0
github.com/go-playground/validator/v10/translations/ar/ar.go:1162.19,1165.6 2 0
github.com/go-playground/validator/v10/translations/ar/ar.go:1167.5,1167.13 1 0
github.com/go-playground/validator/v10/translations/ar/ar.go:1174.76,1176.19 2 0
github.com/go-playground/validator/v10/translations/ar/ar.go:1176.19,1179.6 2 0
github.com/go-playground/validator/v10/translations/ar/ar.go:1181.5,1181.13 1 0
github.com/go-playground/validator/v10/translations/ar/ar.go:1188.76,1190.19 2 0
github.com/go-playground/validator/v10/translations/ar/ar.go:1190.19,1193.6 2 0
github.com/go-playground/validator/v10/translations/ar/ar.go:1195.5,1195.13 1 0
github.com/go-playground/validator/v10/translations/ar/ar.go:1215.56,1216.111 1 1
github.com/go-playground/validator/v10/translations/ar/ar.go:1216.111,1218.6 1 0
github.com/go-playground/validator/v10/translations/ar/ar.go:1219.5,1219.82 1 1
github.com/go-playground/validator/v10/translations/ar/ar.go:1219.82,1221.6 1 0
github.com/go-playground/validator/v10/translations/ar/ar.go:1222.5,1222.86 1 1
github.com/go-playground/validator/v10/translations/ar/ar.go:1222.86,1224.6 1 0
github.com/go-playground/validator/v10/translations/ar/ar.go:1225.5,1225.100 1 1
github.com/go-playground/validator/v10/translations/ar/ar.go:1225.100,1227.6 1 0
github.com/go-playground/validator/v10/translations/ar/ar.go:1228.5,1228.112 1 1
github.com/go-playground/validator/v10/translations/ar/ar.go:1228.112,1230.6 1 0
github.com/go-playground/validator/v10/translations/ar/ar.go:1231.5,1231.78 1 1
github.com/go-playground/validator/v10/translations/ar/ar.go:1231.78,1233.6 1 0
github.com/go-playground/validator/v10/translations/ar/ar.go:1234.5,1234.82 1 1
github.com/go-playground/validator/v10/translations/ar/ar.go:1234.82,1236.6 1 0
github.com/go-playground/validator/v10/translations/ar/ar.go:1237.5,1237.159 1 1
github.com/go-playground/validator/v10/translations/ar/ar.go:1237.159,1239.6 1 0
github.com/go-playground/validator/v10/translations/ar/ar.go:1240.5,1240.11 1 1
github.com/go-playground/validator/v10/translations/ar/ar.go:1242.76,1250.28 7 5
github.com/go-playground/validator/v10/translations/ar/ar.go:1250.28,1252.6 1 1
github.com/go-playground/validator/v10/translations/ar/ar.go:1255.5,1255.49 1 5
github.com/go-playground/validator/v10/translations/ar/ar.go:1255.49,1257.14 2 1
github.com/go-playground/validator/v10/translations/ar/ar.go:1260.5,1260.57 1 4
github.com/go-playground/validator/v10/translations/ar/ar.go:1260.57,1262.6 1 1
github.com/go-playground/validator/v10/translations/ar/ar.go:1264.5,1265.19 2 4
github.com/go-playground/validator/v10/translations/ar/ar.go:1265.19,1266.14 1 0
github.com/go-playground/validator/v10/translations/ar/ar.go:1269.5,1269.17 1 4
github.com/go-playground/validator/v10/translations/ar/ar.go:1270.25,1272.18 2 2
github.com/go-playground/validator/v10/translations/ar/ar.go:1272.18,1274.7 1 0
github.com/go-playground/validator/v10/translations/ar/ar.go:1274.12,1276.7 1 2
github.com/go-playground/validator/v10/translations/ar/ar.go:1277.6,1277.20 1 2
github.com/go-playground/validator/v10/translations/ar/ar.go:1277.20,1278.15 1 0
github.com/go-playground/validator/v10/translations/ar/ar.go:1280.6,1280.48 1 2
github.com/go-playground/validator/v10/translations/ar/ar.go:1282.52,1284.18 2 1
github.com/go-playground/validator/v10/translations/ar/ar.go:1284.18,1286.7 1 0
github.com/go-playground/validator/v10/translations/ar/ar.go:1286.12,1288.7 1 1
github.com/go-playground/validator/v10/translations/ar/ar.go:1289.6,1289.20 1 1
github.com/go-playground/validator/v10/translations/ar/ar.go:1289.20,1290.15 1 0
github.com/go-playground/validator/v10/translations/ar/ar.go:1292.6,1292.47 1 1
github.com/go-playground/validator/v10/translations/ar/ar.go:1294.25,1295.72 1 0
github.com/go-playground/validator/v10/translations/ar/ar.go:1297.13,1298.72 1 1
github.com/go-playground/validator/v10/translations/ar/ar.go:1302.5,1302.19 1 5
github.com/go-playground/validator/v10/translations/ar/ar.go:1302.19,1305.6 2 0
github.com/go-playground/validator/v10/translations/ar/ar.go:1306.5,1306.13 1 5
github.com/go-playground/validator/v10/translations/ar/ar.go:1314.76,1316.19 2 0
github.com/go-playground/validator/v10/translations/ar/ar.go:1316.19,1319.6 2 0
github.com/go-playground/validator/v10/translations/ar/ar.go:1321.5,1321.13 1 0
github.com/go-playground/validator/v10/translations/ar/ar.go:1328.76,1330.19 2 0
github.com/go-playground/validator/v10/translations/ar/ar.go:1330.19,1333.6 2 0
github.com/go-playground/validator/v10/translations/ar/ar.go:1335.5,1335.13 1 0
github.com/go-playground/validator/v10/translations/ar/ar.go:1342.76,1344.19 2 0
github.com/go-playground/validator/v10/translations/ar/ar.go:1344.19,1347.6 2 0
github.com/go-playground/validator/v10/translations/ar/ar.go:1349.5,1349.13 1 0
github.com/go-playground/validator/v10/translations/ar/ar.go:1356.76,1358.19 2 0
github.com/go-playground/validator/v10/translations/ar/ar.go:1358.19,1361.6 2 0
github.com/go-playground/validator/v10/translations/ar/ar.go:1363.5,1363.13 1 0
github.com/go-playground/validator/v10/translations/ar/ar.go:1393.2,1393.33 1 1
github.com/go-playground/validator/v10/translations/ar/ar.go:1393.33,1394.59 1 106
github.com/go-playground/validator/v10/translations/ar/ar.go:1394.59,1395.100 1 7
github.com/go-playground/validator/v10/translations/ar/ar.go:1395.100,1397.5 1 0
github.com/go-playground/validator/v10/translations/ar/ar.go:1398.4,1398.12 1 7
github.com/go-playground/validator/v10/translations/ar/ar.go:1401.3,1401.128 1 99
github.com/go-playground/validator/v10/translations/ar/ar.go:1401.128,1403.4 1 0
github.com/go-playground/validator/v10/translations/ar/ar.go:1406.2,1406.8 1 1
github.com/go-playground/validator/v10/translations/ar/ar.go:1409.105,1410.38 1 99
github.com/go-playground/validator/v10/translations/ar/ar.go:1410.38,1412.3 1 99
github.com/go-playground/validator/v10/translations/ar/ar.go:1415.70,1417.16 2 93
github.com/go-playground/validator/v10/translations/ar/ar.go:1417.16,1419.3 1 0
github.com/go-playground/validator/v10/translations/ar/ar.go:1420.2,1420.10 1 93
github.com/go-playground/validator/v10/translations/en/en.go:19.90,99.56 1 1
github.com/go-playground/validator/v10/translations/en/en.go:99.56,100.83 1 1
github.com/go-playground/validator/v10/translations/en/en.go:100.83,102.6 1 0
github.com/go-playground/validator/v10/translations/en/en.go:104.5,104.112 1 1
github.com/go-playground/validator/v10/translations/en/en.go:104.112,106.6 1 0
github.com/go-playground/validator/v10/translations/en/en.go:108.5,108.115 1 1
github.com/go-playground/validator/v10/translations/en/en.go:108.115,110.6 1 0
github.com/go-playground/validator/v10/translations/en/en.go:112.5,112.82 1 1
github.com/go-playground/validator/v10/translations/en/en.go:112.82,114.6 1 0
github.com/go-playground/validator/v10/translations/en/en.go:116.5,116.77 1 1
github.com/go-playground/validator/v10/translations/en/en.go:116.77,118.6 1 0
github.com/go-playground/validator/v10/translations/en/en.go:119.5,119.101 1 1
github.com/go-playground/validator/v10/translations/en/en.go:119.101,121.6 1 0
github.com/go-playground/validator/v10/translations/en/en.go:123.5,123.104 1 1
github.com/go-playground/validator/v10/translations/en/en.go:123.104,125.6 1 0
github.com/go-playground/validator/v10/translations/en/en.go:127.5,127.11 1 1
github.com/go-playground/validator/v10/translations/en/en.go:129.76,136.57 5 4
github.com/go-playground/validator/v10/translations/en/en.go:136.57,138.6 1 1
github.com/go-playground/validator/v10/translations/en/en.go:140.5,141.19 2 4
github.com/go-playground/validator/v10/translations/en/en.go:141.19,142.14 1 0
github.com/go-playground/validator/v10/translations/en/en.go:145.5,146.28 2 4
github.com/go-playground/validator/v10/translations/en/en.go:146.28,148.6 1 0
github.com/go-playground/validator/v10/translations/en/en.go:150.5,150.17 1 4
github.com/go-playground/validator/v10/translations/en/en.go:151.25,156.20 3 2
github.com/go-playground/validator/v10/translations/en/en.go:156.20,157.15 1 0
github.com/go-playground/validator/v10/translations/en/en.go:160.6,160.48 1 2
github.com/go-playground/validator/v10/translations/en/en.go:162.52,166.20 3 1
github.com/go-playground/validator/v10/translations/en/en.go:166.20,167.15 1 0
github.com/go-playground/validator/v10/translations/en/en.go:170.6,170.47 1 1
github.com/go-playground/validator/v10/translations/en/en.go:172.13,173.72 1 1
github.com/go-playground/validator/v10/translations/en/en.go:177.5,177.19 1 4
github.com/go-playground/validator/v10/translations/en/en.go:177.19,180.6 2 0
github.com/go-playground/validator/v10/translations/en/en.go:182.5,182.13 1 4
github.com/go-playground/validator/v10/translations/en/en.go:187.56,188.92 1 1
github.com/go-playground/validator/v10/translations/en/en.go:188.92,190.6 1 0
github.com/go-playground/validator/v10/translations/en/en.go:192.5,192.112 1 1
github.com/go-playground/validator/v10/translations/en/en.go:192.112,194.6 1 0
github.com/go-playground/validator/v10/translations/en/en.go:196.5,196.115 1 1
github.com/go-playground/validator/v10/translations/en/en.go:196.115,198.6 1 0
github.com/go-playground/validator/v10/translations/en/en.go:200.5,200.84 1 1
github.com/go-playground/validator/v10/translations/en/en.go:200.84,202.6 1 0
github.com/go-playground/validator/v10/translations/en/en.go:204.5,204.86 1 1
github.com/go-playground/validator/v10/translations/en/en.go:204.86,206.6 1 0
github.com/go-playground/validator/v10/translations/en/en.go:207.5,207.101 1 1
github.com/go-playground/validator/v10/translations/en/en.go:207.101,209.6 1 0
github.com/go-playground/validator/v10/translations/en/en.go:211.5,211.104 1 1
github.com/go-playground/validator/v10/translations/en/en.go:211.104,213.6 1 0
github.com/go-playground/validator/v10/translations/en/en.go:215.5,215.11 1 1
github.com/go-playground/validator/v10/translations/en/en.go:217.76,224.30 6 5
github.com/go-playground/validator/v10/translations/en/en.go:224.30,225.58 1 4
github.com/go-playground/validator/v10/translations/en/en.go:225.58,227.7 1 1
github.com/go-playground/validator/v10/translations/en/en.go:229.6,231.12 2 4
github.com/go-playground/validator/v10/translations/en/en.go:234.5,235.28 2 5
github.com/go-playground/validator/v10/translations/en/en.go:235.28,237.6 1 1
github.com/go-playground/validator/v10/translations/en/en.go:239.5,239.17 1 5
github.com/go-playground/validator/v10/translations/en/en.go:240.25,245.20 3 2
github.com/go-playground/validator/v10/translations/en/en.go:245.20,246.15 1 0
github.com/go-playground/validator/v10/translations/en/en.go:249.6,250.20 2 2
github.com/go-playground/validator/v10/translations/en/en.go:250.20,251.15 1 0
github.com/go-playground/validator/v10/translations/en/en.go:254.6,254.48 1 2
github.com/go-playground/validator/v10/translations/en/en.go:256.52,260.20 3 1
github.com/go-playground/validator/v10/translations/en/en.go:260.20,261.15 1 0
github.com/go-playground/validator/v10/translations/en/en.go:264.6,265.20 2 1
github.com/go-playground/validator/v10/translations/en/en.go:265.20,266.15 1 0
github.com/go-playground/validator/v10/translations/en/en.go:269.6,269.47 1 1
github.com/go-playground/validator/v10/translations/en/en.go:271.13,272.55 1 2
github.com/go-playground/validator/v10/translations/en/en.go:272.55,274.15 2 1
github.com/go-playground/validator/v10/translations/en/en.go:277.6,278.20 2 1
github.com/go-playground/validator/v10/translations/en/en.go:278.20,279.15 1 0
github.com/go-playground/validator/v10/translations/en/en.go:282.6,282.72 1 1
github.com/go-playground/validator/v10/translations/en/en.go:286.5,286.19 1 5
github.com/go-playground/validator/v10/translations/en/en.go:286.19,289.6 2 0
github.com/go-playground/validator/v10/translations/en/en.go:291.5,291.13 1 5
github.com/go-playground/validator/v10/translations/en/en.go:296.56,297.96 1 1
github.com/go-playground/validator/v10/translations/en/en.go:297.96,299.6 1 0
github.com/go-playground/validator/v10/translations/en/en.go:301.5,301.112 1 1
github.com/go-playground/validator/v10/translations/en/en.go:301.112,303.6 1 0
github.com/go-playground/validator/v10/translations/en/en.go:305.5,305.115 1 1
github.com/go-playground/validator/v10/translations/en/en.go:305.115,307.6 1 0
github.com/go-playground/validator/v10/translations/en/en.go:309.5,309.81 1 1
github.com/go-playground/validator/v10/translations/en/en.go:309.81,311.6 1 0
github.com/go-playground/validator/v10/translations/en/en.go:313.5,313.88 1 1
github.com/go-playground/validator/v10/translations/en/en.go:313.88,315.6 1 0
github.com/go-playground/validator/v10/translations/en/en.go:316.5,316.101 1 1
github.com/go-playground/validator/v10/translations/en/en.go:316.101,318.6 1 0
github.com/go-playground/validator/v10/translations/en/en.go:320.5,320.104 1 1
github.com/go-playground/validator/v10/translations/en/en.go:320.104,322.6 1 0
github.com/go-playground/validator/v10/translations/en/en.go:324.5,324.11 1 1
github.com/go-playground/validator/v10/translations/en/en.go:326.76,333.30 6 5
github.com/go-playground/validator/v10/translations/en/en.go:333.30,334.58 1 4
github.com/go-playground/validator/v10/translations/en/en.go:334.58,336.7 1 1
github.com/go-playground/validator/v10/translations/en/en.go:338.6,340.12 2 4
github.com/go-playground/validator/v10/translations/en/en.go:343.5,344.28 2 5
github.com/go-playground/validator/v10/translations/en/en.go:344.28,346.6 1 0
github.com/go-playground/validator/v10/translations/en/en.go:348.5,348.17 1 5
github.com/go-playground/validator/v10/translations/en/en.go:349.25,354.20 3 2
github.com/go-playground/validator/v10/translations/en/en.go:354.20,355.15 1 0
github.com/go-playground/validator/v10/translations/en/en.go:358.6,359.20 2 2
github.com/go-playground/validator/v10/translations/en/en.go:359.20,360.15 1 0
github.com/go-playground/validator/v10/translations/en/en.go:363.6,363.48 1 2
github.com/go-playground/validator/v10/translations/en/en.go:365.52,369.20 3 1
github.com/go-playground/validator/v10/translations/en/en.go:369.20,370.15 1 0
github.com/go-playground/validator/v10/translations/en/en.go:373.6,374.20 2 1
github.com/go-playground/validator/v10/translations/en/en.go:374.20,375.15 1 0
github.com/go-playground/validator/v10/translations/en/en.go:378.6,378.47 1 1
github.com/go-playground/validator/v10/translations/en/en.go:380.13,381.55 1 2
github.com/go-playground/validator/v10/translations/en/en.go:381.55,383.15 2 1
github.com/go-playground/validator/v10/translations/en/en.go:386.6,387.20 2 1
github.com/go-playground/validator/v10/translations/en/en.go:387.20,388.15 1 0
github.com/go-playground/validator/v10/translations/en/en.go:391.6,391.72 1 1
github.com/go-playground/validator/v10/translations/en/en.go:395.5,395.19 1 5
github.com/go-playground/validator/v10/translations/en/en.go:395.19,398.6 2 0
github.com/go-playground/validator/v10/translations/en/en.go:400.5,400.13 1 5
github.com/go-playground/validator/v10/translations/en/en.go:407.76,409.19 2 3
github.com/go-playground/validator/v10/translations/en/en.go:409.19,412.6 2 0
github.com/go-playground/validator/v10/translations/en/en.go:414.5,414.13 1 3
github.com/go-playground/validator/v10/translations/en/en.go:421.76,423.19 2 3
github.com/go-playground/validator/v10/translations/en/en.go:423.19,426.6 2 0
github.com/go-playground/validator/v10/translations/en/en.go:428.5,428.13 1 3
github.com/go-playground/validator/v10/translations/en/en.go:433.56,434.92 1 1
github.com/go-playground/validator/v10/translations/en/en.go:434.92,436.6 1 0
github.com/go-playground/validator/v10/translations/en/en.go:438.5,438.111 1 1
github.com/go-playground/validator/v10/translations/en/en.go:438.111,440.6 1 0
github.com/go-playground/validator/v10/translations/en/en.go:442.5,442.114 1 1
github.com/go-playground/validator/v10/translations/en/en.go:442.114,444.6 1 0
github.com/go-playground/validator/v10/translations/en/en.go:446.5,446.82 1 1
github.com/go-playground/validator/v10/translations/en/en.go:446.82,448.6 1 0
github.com/go-playground/validator/v10/translations/en/en.go:450.5,450.86 1 1
github.com/go-playground/validator/v10/translations/en/en.go:450.86,452.6 1 0
github.com/go-playground/validator/v10/translations/en/en.go:454.5,454.100 1 1
github.com/go-playground/validator/v10/translations/en/en.go:454.100,456.6 1 0
github.com/go-playground/validator/v10/translations/en/en.go:458.5,458.103 1 1
github.com/go-playground/validator/v10/translations/en/en.go:458.103,460.6 1 0
github.com/go-playground/validator/v10/translations/en/en.go:462.5,462.104 1 1
github.com/go-playground/validator/v10/translations/en/en.go:462.104,464.6 1 0
github.com/go-playground/validator/v10/translations/en/en.go:466.5,466.11 1 1
github.com/go-playground/validator/v10/translations/en/en.go:468.76,475.30 6 5
github.com/go-playground/validator/v10/translations/en/en.go:475.30,476.58 1 4
github.com/go-playground/validator/v10/translations/en/en.go:476.58,478.7 1 1
github.com/go-playground/validator/v10/translations/en/en.go:480.6,482.12 2 4
github.com/go-playground/validator/v10/translations/en/en.go:485.5,486.28 2 5
github.com/go-playground/validator/v10/translations/en/en.go:486.28,488.6 1 1
github.com/go-playground/validator/v10/translations/en/en.go:490.5,490.17 1 5
github.com/go-playground/validator/v10/translations/en/en.go:491.25,496.20 3 2
github.com/go-playground/validator/v10/translations/en/en.go:496.20,497.15 1 0
github.com/go-playground/validator/v10/translations/en/en.go:500.6,501.20 2 2
github.com/go-playground/validator/v10/translations/en/en.go:501.20,502.15 1 0
github.com/go-playground/validator/v10/translations/en/en.go:505.6,505.47 1 2
github.com/go-playground/validator/v10/translations/en/en.go:507.52,511.20 3 1
github.com/go-playground/validator/v10/translations/en/en.go:511.20,512.15 1 0
github.com/go-playground/validator/v10/translations/en/en.go:515.6,516.20 2 1
github.com/go-playground/validator/v10/translations/en/en.go:516.20,517.15 1 0
github.com/go-playground/validator/v10/translations/en/en.go:520.6,520.46 1 1
github.com/go-playground/validator/v10/translations/en/en.go:522.25,523.50 1 1
github.com/go-playground/validator/v10/translations/en/en.go:523.50,525.15 2 0
github.com/go-playground/validator/v10/translations/en/en.go:528.6,528.46 1 1
github.com/go-playground/validator/v10/translations/en/en.go:530.13,532.20 2 1
github.com/go-playground/validator/v10/translations/en/en.go:532.20,533.15 1 0
github.com/go-playground/validator/v10/translations/en/en.go:536.6,536.71 1 1
github.com/go-playground/validator/v10/translations/en/en.go:540.5,540.19 1 5
github.com/go-playground/validator/v10/translations/en/en.go:540.19,543.6 2 0
github.com/go-playground/validator/v10/translations/en/en.go:545.5,545.13 1 5
github.com/go-playground/validator/v10/translations/en/en.go:550.56,551.94 1 1
github.com/go-playground/validator/v10/translations/en/en.go:551.94,553.6 1 0
github.com/go-playground/validator/v10/translations/en/en.go:555.5,555.112 1 1
github.com/go-playground/validator/v10/translations/en/en.go:555.112,557.6 1 0
github.com/go-playground/validator/v10/translations/en/en.go:559.5,559.115 1 1
github.com/go-playground/validator/v10/translations/en/en.go:559.115,561.6 1 0
github.com/go-playground/validator/v10/translations/en/en.go:563.5,563.81 1 1
github.com/go-playground/validator/v10/translations/en/en.go:563.81,565.6 1 0
github.com/go-playground/validator/v10/translations/en/en.go:567.5,567.88 1 1
github.com/go-playground/validator/v10/translations/en/en.go:567.88,569.6 1 0
github.com/go-playground/validator/v10/translations/en/en.go:571.5,571.101 1 1
github.com/go-playground/validator/v10/translations/en/en.go:571.101,573.6 1 0
github.com/go-playground/validator/v10/translations/en/en.go:575.5,575.104 1 1
github.com/go-playground/validator/v10/translations/en/en.go:575.104,577.6 1 0
github.com/go-playground/validator/v10/translations/en/en.go:579.5,579.117 1 1
github.com/go-playground/validator/v10/translations/en/en.go:579.117,581.6 1 0
github.com/go-playground/validator/v10/translations/en/en.go:583.5,583.11 1 1
github.com/go-playground/validator/v10/translations/en/en.go:585.76,592.30 6 5
github.com/go-playground/validator/v10/translations/en/en.go:592.30,593.58 1 4
github.com/go-playground/validator/v10/translations/en/en.go:593.58,595.7 1 1
github.com/go-playground/validator/v10/translations/en/en.go:597.6,599.12 2 4
github.com/go-playground/validator/v10/translations/en/en.go:602.5,603.28 2 5
github.com/go-playground/validator/v10/translations/en/en.go:603.28,605.6 1 1
github.com/go-playground/validator/v10/translations/en/en.go:607.5,607.17 1 5
github.com/go-playground/validator/v10/translations/en/en.go:608.25,613.20 3 2
github.com/go-playground/validator/v10/translations/en/en.go:613.20,614.15 1 0
github.com/go-playground/validator/v10/translations/en/en.go:617.6,618.20 2 2
github.com/go-playground/validator/v10/translations/en/en.go:618.20,619.15 1 0
github.com/go-playground/validator/v10/translations/en/en.go:622.6,622.48 1 2
github.com/go-playground/validator/v10/translations/en/en.go:624.52,628.20 3 1
github.com/go-playground/validator/v10/translations/en/en.go:628.20,629.15 1 0
github.com/go-playground/validator/v10/translations/en/en.go:632.6,633.20 2 1
github.com/go-playground/validator/v10/translations/en/en.go:633.20,634.15 1 0
github.com/go-playground/validator/v10/translations/en/en.go:637.6,637.47 1 1
github.com/go-playground/validator/v10/translations/en/en.go:639.25,640.50 1 1
github.com/go-playground/validator/v10/translations/en/en.go:640.50,642.15 2 0
github.com/go-playground/validator/v10/translations/en/en.go:645.6,645.47 1 1
github.com/go-playground/validator/v10/translations/en/en.go:647.13,649.20 2 1
github.com/go-playground/validator/v10/translations/en/en.go:649.20,650.15 1 0
github.com/go-playground/validator/v10/translations/en/en.go:653.6,653.72 1 1
github.com/go-playground/validator/v10/translations/en/en.go:657.5,657.19 1 5
github.com/go-playground/validator/v10/translations/en/en.go:657.19,660.6 2 0
github.com/go-playground/validator/v10/translations/en/en.go:662.5,662.13 1 5
github.com/go-playground/validator/v10/translations/en/en.go:667.56,668.95 1 1
github.com/go-playground/validator/v10/translations/en/en.go:668.95,670.6 1 0
github.com/go-playground/validator/v10/translations/en/en.go:672.5,672.111 1 1
github.com/go-playground/validator/v10/translations/en/en.go:672.111,674.6 1 0
github.com/go-playground/validator/v10/translations/en/en.go:676.5,676.114 1 1
github.com/go-playground/validator/v10/translations/en/en.go:676.114,678.6 1 0
github.com/go-playground/validator/v10/translations/en/en.go:680.5,680.85 1 1
github.com/go-playground/validator/v10/translations/en/en.go:680.85,682.6 1 0
github.com/go-playground/validator/v10/translations/en/en.go:684.5,684.86 1 1
github.com/go-playground/validator/v10/translations/en/en.go:684.86,686.6 1 0
github.com/go-playground/validator/v10/translations/en/en.go:688.5,688.100 1 1
github.com/go-playground/validator/v10/translations/en/en.go:688.100,690.6 1 0
github.com/go-playground/validator/v10/translations/en/en.go:692.5,692.103 1 1
github.com/go-playground/validator/v10/translations/en/en.go:692.103,694.6 1 0
github.com/go-playground/validator/v10/translations/en/en.go:696.5,696.107 1 1
github.com/go-playground/validator/v10/translations/en/en.go:696.107,698.6 1 0
github.com/go-playground/validator/v10/translations/en/en.go:700.5,700.11 1 1
github.com/go-playground/validator/v10/translations/en/en.go:702.76,709.30 6 5
github.com/go-playground/validator/v10/translations/en/en.go:709.30,710.58 1 4
github.com/go-playground/validator/v10/translations/en/en.go:710.58,712.7 1 1
github.com/go-playground/validator/v10/translations/en/en.go:714.6,716.12 2 4
github.com/go-playground/validator/v10/translations/en/en.go:719.5,720.28 2 5
github.com/go-playground/validator/v10/translations/en/en.go:720.28,722.6 1 1
github.com/go-playground/validator/v10/translations/en/en.go:724.5,724.17 1 5
github.com/go-playground/validator/v10/translations/en/en.go:725.25,730.20 3 2
github.com/go-playground/validator/v10/translations/en/en.go:730.20,731.15 1 0
github.com/go-playground/validator/v10/translations/en/en.go:734.6,735.20 2 2
github.com/go-playground/validator/v10/translations/en/en.go:735.20,736.15 1 0
github.com/go-playground/validator/v10/translations/en/en.go:739.6,739.47 1 2
github.com/go-playground/validator/v10/translations/en/en.go:741.52,745.20 3 1
github.com/go-playground/validator/v10/translations/en/en.go:745.20,746.15 1 0
github.com/go-playground/validator/v10/translations/en/en.go:749.6,750.20 2 1
github.com/go-playground/validator/v10/translations/en/en.go:750.20,751.15 1 0
github.com/go-playground/validator/v10/translations/en/en.go:754.6,754.46 1 1
github.com/go-playground/validator/v10/translations/en/en.go:756.25,757.50 1 1
github.com/go-playground/validator/v10/translations/en/en.go:757.50,759.15 2 0
github.com/go-playground/validator/v10/translations/en/en.go:762.6,762.46 1 1
github.com/go-playground/validator/v10/translations/en/en.go:764.13,766.20 2 1
github.com/go-playground/validator/v10/translations/en/en.go:766.20,767.15 1 0
github.com/go-playground/validator/v10/translations/en/en.go:770.6,770.71 1 1
github.com/go-playground/validator/v10/translations/en/en.go:774.5,774.19 1 5
github.com/go-playground/validator/v10/translations/en/en.go:774.19,777.6 2 0
github.com/go-playground/validator/v10/translations/en/en.go:779.5,779.13 1 5
github.com/go-playground/validator/v10/translations/en/en.go:784.56,785.92 1 1
github.com/go-playground/validator/v10/translations/en/en.go:785.92,787.6 1 0
github.com/go-playground/validator/v10/translations/en/en.go:789.5,789.112 1 1
github.com/go-playground/validator/v10/translations/en/en.go:789.112,791.6 1 0
github.com/go-playground/validator/v10/translations/en/en.go:793.5,793.115 1 1
github.com/go-playground/validator/v10/translations/en/en.go:793.115,795.6 1 0
github.com/go-playground/validator/v10/translations/en/en.go:797.5,797.84 1 1
github.com/go-playground/validator/v10/translations/en/en.go:797.84,799.6 1 0
github.com/go-playground/validator/v10/translations/en/en.go:801.5,801.86 1 1
github.com/go-playground/validator/v10/translations/en/en.go:801.86,803.6 1 0
github.com/go-playground/validator/v10/translations/en/en.go:805.5,805.101 1 1
github.com/go-playground/validator/v10/translations/en/en.go:805.101,807.6 1 0
github.com/go-playground/validator/v10/translations/en/en.go:809.5,809.104 1 1
github.com/go-playground/validator/v10/translations/en/en.go:809.104,811.6 1 0
github.com/go-playground/validator/v10/translations/en/en.go:813.5,813.120 1 1
github.com/go-playground/validator/v10/translations/en/en.go:813.120,815.6 1 0
github.com/go-playground/validator/v10/translations/en/en.go:817.5,817.11 1 1
github.com/go-playground/validator/v10/translations/en/en.go:819.76,826.30 6 5
github.com/go-playground/validator/v10/translations/en/en.go:826.30,827.58 1 4
github.com/go-playground/validator/v10/translations/en/en.go:827.58,829.7 1 1
github.com/go-playground/validator/v10/translations/en/en.go:831.6,833.12 2 4
github.com/go-playground/validator/v10/translations/en/en.go:836.5,837.28 2 5
github.com/go-playground/validator/v10/translations/en/en.go:837.28,839.6 1 1
github.com/go-playground/validator/v10/translations/en/en.go:841.5,841.17 1 5
github.com/go-playground/validator/v10/translations/en/en.go:842.25,847.20 3 2
github.com/go-playground/validator/v10/translations/en/en.go:847.20,848.15 1 0
github.com/go-playground/validator/v10/translations/en/en.go:851.6,852.20 2 2
github.com/go-playground/validator/v10/translations/en/en.go:852.20,853.15 1 0
github.com/go-playground/validator/v10/translations/en/en.go:856.6,856.48 1 2
github.com/go-playground/validator/v10/translations/en/en.go:858.52,862.20 3 1
github.com/go-playground/validator/v10/translations/en/en.go:862.20,863.15 1 0
github.com/go-playground/validator/v10/translations/en/en.go:866.6,867.20 2 1
github.com/go-playground/validator/v10/translations/en/en.go:867.20,868.15 1 0
github.com/go-playground/validator/v10/translations/en/en.go:871.6,871.47 1 1
github.com/go-playground/validator/v10/translations/en/en.go:873.25,874.50 1 1
github.com/go-playground/validator/v10/translations/en/en.go:874.50,876.15 2 0
github.com/go-playground/validator/v10/translations/en/en.go:879.6,879.47 1 1
github.com/go-playground/validator/v10/translations/en/en.go:881.13,883.20 2 1
github.com/go-playground/validator/v10/translations/en/en.go:883.20,884.15 1 0
github.com/go-playground/validator/v10/translations/en/en.go:887.6,887.72 1 1
github.com/go-playground/validator/v10/translations/en/en.go:891.5,891.19 1 5
github.com/go-playground/validator/v10/translations/en/en.go:891.19,894.6 2 0
github.com/go-playground/validator/v10/translations/en/en.go:896.5,896.13 1 5
github.com/go-playground/validator/v10/translations/en/en.go:903.76,905.19 2 1
github.com/go-playground/validator/v10/translations/en/en.go:905.19,908.6 2 0
github.com/go-playground/validator/v10/translations/en/en.go:910.5,910.13 1 1
github.com/go-playground/validator/v10/translations/en/en.go:917.76,919.19 2 1
github.com/go-playground/validator/v10/translations/en/en.go:919.19,922.6 2 0
github.com/go-playground/validator/v10/translations/en/en.go:924.5,924.13 1 1
github.com/go-playground/validator/v10/translations/en/en.go:931.76,933.19 2 1
github.com/go-playground/validator/v10/translations/en/en.go:933.19,936.6 2 0
github.com/go-playground/validator/v10/translations/en/en.go:938.5,938.13 1 1
github.com/go-playground/validator/v10/translations/en/en.go:945.76,947.19 2 1
github.com/go-playground/validator/v10/translations/en/en.go:947.19,950.6 2 0
github.com/go-playground/validator/v10/translations/en/en.go:952.5,952.13 1 1
github.com/go-playground/validator/v10/translations/en/en.go:959.76,961.19 2 1
github.com/go-playground/validator/v10/translations/en/en.go:961.19,964.6 2 0
github.com/go-playground/validator/v10/translations/en/en.go:966.5,966.13 1 1
github.com/go-playground/validator/v10/translations/en/en.go:973.76,975.19 2 1
github.com/go-playground/validator/v10/translations/en/en.go:975.19,978.6 2 0
github.com/go-playground/validator/v10/translations/en/en.go:980.5,980.13 1 1
github.com/go-playground/validator/v10/translations/en/en.go:987.76,989.19 2 1
github.com/go-playground/validator/v10/translations/en/en.go:989.19,992.6 2 0
github.com/go-playground/validator/v10/translations/en/en.go:994.5,994.13 1 1
github.com/go-playground/validator/v10/translations/en/en.go:1001.76,1003.19 2 1
github.com/go-playground/validator/v10/translations/en/en.go:1003.19,1006.6 2 0
github.com/go-playground/validator/v10/translations/en/en.go:1008.5,1008.13 1 1
github.com/go-playground/validator/v10/translations/en/en.go:1015.76,1017.19 2 1
github.com/go-playground/validator/v10/translations/en/en.go:1017.19,1020.6 2 0
github.com/go-playground/validator/v10/translations/en/en.go:1022.5,1022.13 1 1
github.com/go-playground/validator/v10/translations/en/en.go:1029.76,1031.19 2 1
github.com/go-playground/validator/v10/translations/en/en.go:1031.19,1034.6 2 0
github.com/go-playground/validator/v10/translations/en/en.go:1036.5,1036.13 1 1
github.com/go-playground/validator/v10/translations/en/en.go:1043.76,1045.19 2 1
github.com/go-playground/validator/v10/translations/en/en.go:1045.19,1048.6 2 0
github.com/go-playground/validator/v10/translations/en/en.go:1050.5,1050.13 1 1
github.com/go-playground/validator/v10/translations/en/en.go:1057.76,1059.19 2 1
github.com/go-playground/validator/v10/translations/en/en.go:1059.19,1062.6 2 0
github.com/go-playground/validator/v10/translations/en/en.go:1064.5,1064.13 1 1
github.com/go-playground/validator/v10/translations/en/en.go:1166.76,1168.19 2 1
github.com/go-playground/validator/v10/translations/en/en.go:1168.19,1171.6 2 0
github.com/go-playground/validator/v10/translations/en/en.go:1173.5,1173.13 1 1
github.com/go-playground/validator/v10/translations/en/en.go:1180.76,1182.19 2 1
github.com/go-playground/validator/v10/translations/en/en.go:1182.19,1185.6 2 0
github.com/go-playground/validator/v10/translations/en/en.go:1187.5,1187.13 1 1
github.com/go-playground/validator/v10/translations/en/en.go:1194.76,1196.19 2 1
github.com/go-playground/validator/v10/translations/en/en.go:1196.19,1199.6 2 0
github.com/go-playground/validator/v10/translations/en/en.go:1201.5,1201.13 1 1
github.com/go-playground/validator/v10/translations/en/en.go:1208.76,1210.19 2 1
github.com/go-playground/validator/v10/translations/en/en.go:1210.19,1213.6 2 0
github.com/go-playground/validator/v10/translations/en/en.go:1215.5,1215.13 1 1
github.com/go-playground/validator/v10/translations/en/en.go:1222.76,1224.19 2 1
github.com/go-playground/validator/v10/translations/en/en.go:1224.19,1227.6 2 0
github.com/go-playground/validator/v10/translations/en/en.go:1229.5,1229.13 1 1
github.com/go-playground/validator/v10/translations/en/en.go:1426.76,1428.19 2 2
github.com/go-playground/validator/v10/translations/en/en.go:1428.19,1431.6 2 0
github.com/go-playground/validator/v10/translations/en/en.go:1432.5,1432.13 1 2
github.com/go-playground/validator/v10/translations/en/en.go:1459.76,1461.19 2 1
github.com/go-playground/validator/v10/translations/en/en.go:1461.19,1464.6 2 0
github.com/go-playground/validator/v10/translations/en/en.go:1466.5,1466.13 1 1
github.com/go-playground/validator/v10/translations/en/en.go:1473.76,1475.19 2 1
github.com/go-playground/validator/v10/translations/en/en.go:1475.19,1478.6 2 0
github.com/go-playground/validator/v10/translations/en/en.go:1480.5,1480.13 1 1
github.com/go-playground/validator/v10/translations/en/en.go:1487.76,1489.19 2 1
github.com/go-playground/validator/v10/translations/en/en.go:1489.19,1492.6 2 0
github.com/go-playground/validator/v10/translations/en/en.go:1494.5,1494.13 1 1
github.com/go-playground/validator/v10/translations/en/en.go:1519.2,1519.33 1 1
github.com/go-playground/validator/v10/translations/en/en.go:1519.33,1520.59 1 109
github.com/go-playground/validator/v10/translations/en/en.go:1520.59,1522.4 1 7
github.com/go-playground/validator/v10/translations/en/en.go:1522.9,1522.66 1 102
github.com/go-playground/validator/v10/translations/en/en.go:1522.66,1524.4 1 23
github.com/go-playground/validator/v10/translations/en/en.go:1524.9,1524.66 1 79
github.com/go-playground/validator/v10/translations/en/en.go:1524.66,1526.4 1 0
github.com/go-playground/validator/v10/translations/en/en.go:1526.9,1528.4 1 79
github.com/go-playground/validator/v10/translations/en/en.go:1530.3,1530.17 1 109
github.com/go-playground/validator/v10/translations/en/en.go:1530.17,1532.4 1 0
github.com/go-playground/validator/v10/translations/en/en.go:1535.2,1535.8 1 1
github.com/go-playground/validator/v10/translations/en/en.go:1538.105,1539.44 1 102
github.com/go-playground/validator/v10/translations/en/en.go:1539.44,1540.59 1 102
github.com/go-playground/validator/v10/translations/en/en.go:1540.59,1542.4 1 0
github.com/go-playground/validator/v10/translations/en/en.go:1544.3,1544.9 1 102
github.com/go-playground/validator/v10/translations/en/en.go:1548.70,1550.16 2 79
github.com/go-playground/validator/v10/translations/en/en.go:1550.16,1553.3 2 0
github.com/go-playground/validator/v10/translations/en/en.go:1555.2,1555.10 1 79
github.com/go-playground/validator/v10/translations/de/de.go:19.90,99.56 1 1
github.com/go-playground/validator/v10/translations/de/de.go:99.56,100.84 1 1
github.com/go-playground/validator/v10/translations/de/de.go:100.84,102.6 1 0
github.com/go-playground/validator/v10/translations/de/de.go:104.5,104.110 1 1
github.com/go-playground/validator/v10/translations/de/de.go:104.110,106.6 1 0
github.com/go-playground/validator/v10/translations/de/de.go:108.5,108.112 1 1
github.com/go-playground/validator/v10/translations/de/de.go:108.112,110.6 1 0
github.com/go-playground/validator/v10/translations/de/de.go:112.5,112.82 1 1
github.com/go-playground/validator/v10/translations/de/de.go:112.82,114.6 1 0
github.com/go-playground/validator/v10/translations/de/de.go:116.5,116.79 1 1
github.com/go-playground/validator/v10/translations/de/de.go:116.79,118.6 1 0
github.com/go-playground/validator/v10/translations/de/de.go:120.5,120.104 1 1
github.com/go-playground/validator/v10/translations/de/de.go:120.104,122.6 1 0
github.com/go-playground/validator/v10/translations/de/de.go:124.5,124.107 1 1
github.com/go-playground/validator/v10/translations/de/de.go:124.107,126.6 1 0
github.com/go-playground/validator/v10/translations/de/de.go:128.5,128.11 1 1
github.com/go-playground/validator/v10/translations/de/de.go:130.76,137.57 5 4
github.com/go-playground/validator/v10/translations/de/de.go:137.57,139.6 1 1
github.com/go-playground/validator/v10/translations/de/de.go:141.5,142.19 2 4
github.com/go-playground/validator/v10/translations/de/de.go:142.19,143.14 1 0
github.com/go-playground/validator/v10/translations/de/de.go:146.5,147.28 2 4
github.com/go-playground/validator/v10/translations/de/de.go:147.28,149.6 1 0
github.com/go-playground/validator/v10/translations/de/de.go:151.5,151.17 1 4
github.com/go-playground/validator/v10/translations/de/de.go:152.25,157.20 3 2
github.com/go-playground/validator/v10/translations/de/de.go:157.20,158.15 1 0
github.com/go-playground/validator/v10/translations/de/de.go:161.6,161.48 1 2
github.com/go-playground/validator/v10/translations/de/de.go:163.52,167.20 3 1
github.com/go-playground/validator/v10/translations/de/de.go:167.20,168.15 1 0
github.com/go-playground/validator/v10/translations/de/de.go:171.6,171.47 1 1
github.com/go-playground/validator/v10/translations/de/de.go:173.13,174.72 1 1
github.com/go-playground/validator/v10/translations/de/de.go:178.5,178.19 1 4
github.com/go-playground/validator/v10/translations/de/de.go:178.19,181.6 2 0
github.com/go-playground/validator/v10/translations/de/de.go:183.5,183.13 1 4
github.com/go-playground/validator/v10/translations/de/de.go:188.56,189.91 1 1
github.com/go-playground/validator/v10/translations/de/de.go:189.91,191.6 1 0
github.com/go-playground/validator/v10/translations/de/de.go:193.5,193.110 1 1
github.com/go-playground/validator/v10/translations/de/de.go:193.110,195.6 1 0
github.com/go-playground/validator/v10/translations/de/de.go:197.5,197.112 1 1
github.com/go-playground/validator/v10/translations/de/de.go:197.112,199.6 1 0
github.com/go-playground/validator/v10/translations/de/de.go:201.5,201.89 1 1
github.com/go-playground/validator/v10/translations/de/de.go:201.89,203.6 1 0
github.com/go-playground/validator/v10/translations/de/de.go:205.5,205.90 1 1
github.com/go-playground/validator/v10/translations/de/de.go:205.90,207.6 1 0
github.com/go-playground/validator/v10/translations/de/de.go:209.5,209.104 1 1
github.com/go-playground/validator/v10/translations/de/de.go:209.104,211.6 1 0
github.com/go-playground/validator/v10/translations/de/de.go:213.5,213.107 1 1
github.com/go-playground/validator/v10/translations/de/de.go:213.107,215.6 1 0
github.com/go-playground/validator/v10/translations/de/de.go:217.5,217.11 1 1
github.com/go-playground/validator/v10/translations/de/de.go:219.76,226.57 5 4
github.com/go-playground/validator/v10/translations/de/de.go:226.57,228.6 1 1
github.com/go-playground/validator/v10/translations/de/de.go:230.5,231.19 2 4
github.com/go-playground/validator/v10/translations/de/de.go:231.19,232.14 1 0
github.com/go-playground/validator/v10/translations/de/de.go:235.5,236.28 2 4
github.com/go-playground/validator/v10/translations/de/de.go:236.28,238.6 1 1
github.com/go-playground/validator/v10/translations/de/de.go:240.5,240.17 1 4
github.com/go-playground/validator/v10/translations/de/de.go:241.25,246.20 3 2
github.com/go-playground/validator/v10/translations/de/de.go:246.20,247.15 1 0
github.com/go-playground/validator/v10/translations/de/de.go:250.6,250.48 1 2
github.com/go-playground/validator/v10/translations/de/de.go:252.52,256.20 3 1
github.com/go-playground/validator/v10/translations/de/de.go:256.20,257.15 1 0
github.com/go-playground/validator/v10/translations/de/de.go:260.6,260.47 1 1
github.com/go-playground/validator/v10/translations/de/de.go:262.13,263.72 1 1
github.com/go-playground/validator/v10/translations/de/de.go:267.5,267.19 1 4
github.com/go-playground/validator/v10/translations/de/de.go:267.19,270.6 2 0
github.com/go-playground/validator/v10/translations/de/de.go:272.5,272.13 1 4
github.com/go-playground/validator/v10/translations/de/de.go:277.56,278.88 1 1
github.com/go-playground/validator/v10/translations/de/de.go:278.88,280.6 1 0
github.com/go-playground/validator/v10/translations/de/de.go:282.5,282.110 1 1
github.com/go-playground/validator/v10/translations/de/de.go:282.110,284.6 1 0
github.com/go-playground/validator/v10/translations/de/de.go:286.5,286.112 1 1
github.com/go-playground/validator/v10/translations/de/de.go:286.112,288.6 1 0
github.com/go-playground/validator/v10/translations/de/de.go:290.5,290.88 1 1
github.com/go-playground/validator/v10/translations/de/de.go:290.88,292.6 1 0
github.com/go-playground/validator/v10/translations/de/de.go:294.5,294.87 1 1
github.com/go-playground/validator/v10/translations/de/de.go:294.87,296.6 1 0
github.com/go-playground/validator/v10/translations/de/de.go:298.5,298.104 1 1
github.com/go-playground/validator/v10/translations/de/de.go:298.104,300.6 1 0
github.com/go-playground/validator/v10/translations/de/de.go:302.5,302.107 1 1
github.com/go-playground/validator/v10/translations/de/de.go:302.107,304.6 1 0
github.com/go-playground/validator/v10/translations/de/de.go:306.5,306.11 1 1
github.com/go-playground/validator/v10/translations/de/de.go:308.76,315.57 5 4
github.com/go-playground/validator/v10/translations/de/de.go:315.57,317.6 1 1
github.com/go-playground/validator/v10/translations/de/de.go:319.5,320.19 2 4
github.com/go-playground/validator/v10/translations/de/de.go:320.19,321.14 1 0
github.com/go-playground/validator/v10/translations/de/de.go:324.5,325.28 2 4
github.com/go-playground/validator/v10/translations/de/de.go:325.28,327.6 1 0
github.com/go-playground/validator/v10/translations/de/de.go:329.5,329.17 1 4
github.com/go-playground/validator/v10/translations/de/de.go:330.25,335.20 3 2
github.com/go-playground/validator/v10/translations/de/de.go:335.20,336.15 1 0
github.com/go-playground/validator/v10/translations/de/de.go:339.6,339.48 1 2
github.com/go-playground/validator/v10/translations/de/de.go:341.52,345.20 3 1
github.com/go-playground/validator/v10/translations/de/de.go:345.20,346.15 1 0
github.com/go-playground/validator/v10/translations/de/de.go:349.6,349.47 1 1
github.com/go-playground/validator/v10/translations/de/de.go:351.13,352.72 1 1
github.com/go-playground/validator/v10/translations/de/de.go:356.5,356.19 1 4
github.com/go-playground/validator/v10/translations/de/de.go:356.19,359.6 2 0
github.com/go-playground/validator/v10/translations/de/de.go:361.5,361.13 1 4
github.com/go-playground/validator/v10/translations/de/de.go:368.76,370.19 2 3
github.com/go-playground/validator/v10/translations/de/de.go:370.19,373.6 2 0
github.com/go-playground/validator/v10/translations/de/de.go:375.5,375.13 1 3
github.com/go-playground/validator/v10/translations/de/de.go:382.76,384.19 2 3
github.com/go-playground/validator/v10/translations/de/de.go:384.19,387.6 2 0
github.com/go-playground/validator/v10/translations/de/de.go:389.5,389.13 1 3
github.com/go-playground/validator/v10/translations/de/de.go:394.56,395.86 1 1
github.com/go-playground/validator/v10/translations/de/de.go:395.86,397.6 1 0
github.com/go-playground/validator/v10/translations/de/de.go:399.5,399.109 1 1
github.com/go-playground/validator/v10/translations/de/de.go:399.109,401.6 1 0
github.com/go-playground/validator/v10/translations/de/de.go:403.5,403.111 1 1
github.com/go-playground/validator/v10/translations/de/de.go:403.111,405.6 1 0
github.com/go-playground/validator/v10/translations/de/de.go:407.5,407.86 1 1
github.com/go-playground/validator/v10/translations/de/de.go:407.86,409.6 1 0
github.com/go-playground/validator/v10/translations/de/de.go:411.5,411.91 1 1
github.com/go-playground/validator/v10/translations/de/de.go:411.91,413.6 1 0
github.com/go-playground/validator/v10/translations/de/de.go:415.5,415.103 1 1
github.com/go-playground/validator/v10/translations/de/de.go:415.103,417.6 1 0
github.com/go-playground/validator/v10/translations/de/de.go:419.5,419.106 1 1
github.com/go-playground/validator/v10/translations/de/de.go:419.106,421.6 1 0
github.com/go-playground/validator/v10/translations/de/de.go:423.5,423.110 1 1
github.com/go-playground/validator/v10/translations/de/de.go:423.110,425.6 1 0
github.com/go-playground/validator/v10/translations/de/de.go:427.5,427.11 1 1
github.com/go-playground/validator/v10/translations/de/de.go:429.76,436.30 6 5
github.com/go-playground/validator/v10/translations/de/de.go:436.30,437.58 1 4
github.com/go-playground/validator/v10/translations/de/de.go:437.58,439.7 1 1
github.com/go-playground/validator/v10/translations/de/de.go:441.6,443.12 2 4
github.com/go-playground/validator/v10/translations/de/de.go:446.5,447.28 2 5
github.com/go-playground/validator/v10/translations/de/de.go:447.28,449.6 1 1
github.com/go-playground/validator/v10/translations/de/de.go:451.5,451.17 1 5
github.com/go-playground/validator/v10/translations/de/de.go:452.25,457.20 3 2
github.com/go-playground/validator/v10/translations/de/de.go:457.20,458.15 1 0
github.com/go-playground/validator/v10/translations/de/de.go:461.6,462.20 2 2
github.com/go-playground/validator/v10/translations/de/de.go:462.20,463.15 1 0
github.com/go-playground/validator/v10/translations/de/de.go:466.6,466.47 1 2
github.com/go-playground/validator/v10/translations/de/de.go:468.52,472.20 3 1
github.com/go-playground/validator/v10/translations/de/de.go:472.20,473.15 1 0
github.com/go-playground/validator/v10/translations/de/de.go:476.6,477.20 2 1
github.com/go-playground/validator/v10/translations/de/de.go:477.20,478.15 1 0
github.com/go-playground/validator/v10/translations/de/de.go:481.6,481.46 1 1
github.com/go-playground/validator/v10/translations/de/de.go:483.25,484.50 1 1
github.com/go-playground/validator/v10/translations/de/de.go:484.50,486.15 2 0
github.com/go-playground/validator/v10/translations/de/de.go:489.6,489.46 1 1
github.com/go-playground/validator/v10/translations/de/de.go:491.13,493.20 2 1
github.com/go-playground/validator/v10/translations/de/de.go:493.20,494.15 1 0
github.com/go-playground/validator/v10/translations/de/de.go:497.6,497.71 1 1
github.com/go-playground/validator/v10/translations/de/de.go:501.5,501.19 1 5
github.com/go-playground/validator/v10/translations/de/de.go:501.19,504.6 2 0
github.com/go-playground/validator/v10/translations/de/de.go:506.5,506.13 1 5
github.com/go-playground/validator/v10/translations/de/de.go:511.56,512.88 1 1
github.com/go-playground/validator/v10/translations/de/de.go:512.88,514.6 1 0
github.com/go-playground/validator/v10/translations/de/de.go:516.5,516.110 1 1
github.com/go-playground/validator/v10/translations/de/de.go:516.110,518.6 1 0
github.com/go-playground/validator/v10/translations/de/de.go:520.5,520.112 1 1
github.com/go-playground/validator/v10/translations/de/de.go:520.112,522.6 1 0
github.com/go-playground/validator/v10/translations/de/de.go:524.5,524.88 1 1
github.com/go-playground/validator/v10/translations/de/de.go:524.88,526.6 1 0
github.com/go-playground/validator/v10/translations/de/de.go:528.5,528.87 1 1
github.com/go-playground/validator/v10/translations/de/de.go:528.87,530.6 1 0
github.com/go-playground/validator/v10/translations/de/de.go:532.5,532.104 1 1
github.com/go-playground/validator/v10/translations/de/de.go:532.104,534.6 1 0
github.com/go-playground/validator/v10/translations/de/de.go:536.5,536.107 1 1
github.com/go-playground/validator/v10/translations/de/de.go:536.107,538.6 1 0
github.com/go-playground/validator/v10/translations/de/de.go:540.5,540.128 1 1
github.com/go-playground/validator/v10/translations/de/de.go:540.128,542.6 1 0
github.com/go-playground/validator/v10/translations/de/de.go:544.5,544.11 1 1
github.com/go-playground/validator/v10/translations/de/de.go:546.76,553.30 6 5
github.com/go-playground/validator/v10/translations/de/de.go:553.30,554.58 1 4
github.com/go-playground/validator/v10/translations/de/de.go:554.58,556.7 1 1
github.com/go-playground/validator/v10/translations/de/de.go:558.6,560.12 2 4
github.com/go-playground/validator/v10/translations/de/de.go:563.5,564.28 2 5
github.com/go-playground/validator/v10/translations/de/de.go:564.28,566.6 1 1
github.com/go-playground/validator/v10/translations/de/de.go:568.5,568.17 1 5
github.com/go-playground/validator/v10/translations/de/de.go:569.25,574.20 3 2
github.com/go-playground/validator/v10/translations/de/de.go:574.20,575.15 1 0
github.com/go-playground/validator/v10/translations/de/de.go:578.6,579.20 2 2
github.com/go-playground/validator/v10/translations/de/de.go:579.20,580.15 1 0
github.com/go-playground/validator/v10/translations/de/de.go:583.6,583.48 1 2
github.com/go-playground/validator/v10/translations/de/de.go:585.52,589.20 3 1
github.com/go-playground/validator/v10/translations/de/de.go:589.20,590.15 1 0
github.com/go-playground/validator/v10/translations/de/de.go:593.6,594.20 2 1
github.com/go-playground/validator/v10/translations/de/de.go:594.20,595.15 1 0
github.com/go-playground/validator/v10/translations/de/de.go:598.6,598.47 1 1
github.com/go-playground/validator/v10/translations/de/de.go:600.25,601.50 1 1
github.com/go-playground/validator/v10/translations/de/de.go:601.50,603.15 2 0
github.com/go-playground/validator/v10/translations/de/de.go:606.6,606.47 1 1
github.com/go-playground/validator/v10/translations/de/de.go:608.13,610.20 2 1
github.com/go-playground/validator/v10/translations/de/de.go:610.20,611.15 1 0
github.com/go-playground/validator/v10/translations/de/de.go:614.6,614.72 1 1
github.com/go-playground/validator/v10/translations/de/de.go:618.5,618.19 1 5
github.com/go-playground/validator/v10/translations/de/de.go:618.19,621.6 2 0
github.com/go-playground/validator/v10/translations/de/de.go:623.5,623.13 1 5
github.com/go-playground/validator/v10/translations/de/de.go:628.56,629.87 1 1
github.com/go-playground/validator/v10/translations/de/de.go:629.87,631.6 1 0
github.com/go-playground/validator/v10/translations/de/de.go:633.5,633.109 1 1
github.com/go-playground/validator/v10/translations/de/de.go:633.109,635.6 1 0
github.com/go-playground/validator/v10/translations/de/de.go:637.5,637.111 1 1
github.com/go-playground/validator/v10/translations/de/de.go:637.111,639.6 1 0
github.com/go-playground/validator/v10/translations/de/de.go:641.5,641.87 1 1
github.com/go-playground/validator/v10/translations/de/de.go:641.87,643.6 1 0
github.com/go-playground/validator/v10/translations/de/de.go:645.5,645.88 1 1
github.com/go-playground/validator/v10/translations/de/de.go:645.88,647.6 1 0
github.com/go-playground/validator/v10/translations/de/de.go:649.5,649.103 1 1
github.com/go-playground/validator/v10/translations/de/de.go:649.103,651.6 1 0
github.com/go-playground/validator/v10/translations/de/de.go:653.5,653.106 1 1
github.com/go-playground/validator/v10/translations/de/de.go:653.106,655.6 1 0
github.com/go-playground/validator/v10/translations/de/de.go:657.5,657.110 1 1
github.com/go-playground/validator/v10/translations/de/de.go:657.110,659.6 1 0
github.com/go-playground/validator/v10/translations/de/de.go:661.5,661.11 1 1
github.com/go-playground/validator/v10/translations/de/de.go:663.76,670.30 6 5
github.com/go-playground/validator/v10/translations/de/de.go:670.30,671.58 1 4
github.com/go-playground/validator/v10/translations/de/de.go:671.58,673.7 1 1
github.com/go-playground/validator/v10/translations/de/de.go:675.6,677.12 2 4
github.com/go-playground/validator/v10/translations/de/de.go:680.5,681.28 2 5
github.com/go-playground/validator/v10/translations/de/de.go:681.28,683.6 1 1
github.com/go-playground/validator/v10/translations/de/de.go:685.5,685.17 1 5
github.com/go-playground/validator/v10/translations/de/de.go:686.25,691.20 3 2
github.com/go-playground/validator/v10/translations/de/de.go:691.20,692.15 1 0
github.com/go-playground/validator/v10/translations/de/de.go:695.6,696.20 2 2
github.com/go-playground/validator/v10/translations/de/de.go:696.20,697.15 1 0
github.com/go-playground/validator/v10/translations/de/de.go:700.6,700.47 1 2
github.com/go-playground/validator/v10/translations/de/de.go:702.52,706.20 3 1
github.com/go-playground/validator/v10/translations/de/de.go:706.20,707.15 1 0
github.com/go-playground/validator/v10/translations/de/de.go:710.6,711.20 2 1
github.com/go-playground/validator/v10/translations/de/de.go:711.20,712.15 1 0
github.com/go-playground/validator/v10/translations/de/de.go:715.6,715.46 1 1
github.com/go-playground/validator/v10/translations/de/de.go:717.25,718.50 1 1
github.com/go-playground/validator/v10/translations/de/de.go:718.50,720.15 2 0
github.com/go-playground/validator/v10/translations/de/de.go:723.6,723.46 1 1
github.com/go-playground/validator/v10/translations/de/de.go:725.13,727.20 2 1
github.com/go-playground/validator/v10/translations/de/de.go:727.20,728.15 1 0
github.com/go-playground/validator/v10/translations/de/de.go:731.6,731.71 1 1
github.com/go-playground/validator/v10/translations/de/de.go:735.5,735.19 1 5
github.com/go-playground/validator/v10/translations/de/de.go:735.19,738.6 2 0
github.com/go-playground/validator/v10/translations/de/de.go:740.5,740.13 1 5
github.com/go-playground/validator/v10/translations/de/de.go:745.56,746.91 1 1
github.com/go-playground/validator/v10/translations/de/de.go:746.91,748.6 1 0
github.com/go-playground/validator/v10/translations/de/de.go:750.5,750.110 1 1
github.com/go-playground/validator/v10/translations/de/de.go:750.110,752.6 1 0
github.com/go-playground/validator/v10/translations/de/de.go:754.5,754.112 1 1
github.com/go-playground/validator/v10/translations/de/de.go:754.112,756.6 1 0
github.com/go-playground/validator/v10/translations/de/de.go:758.5,758.89 1 1
github.com/go-playground/validator/v10/translations/de/de.go:758.89,760.6 1 0
github.com/go-playground/validator/v10/translations/de/de.go:762.5,762.90 1 1
github.com/go-playground/validator/v10/translations/de/de.go:762.90,764.6 1 0
github.com/go-playground/validator/v10/translations/de/de.go:766.5,766.104 1 1
github.com/go-playground/validator/v10/translations/de/de.go:766.104,768.6 1 0
github.com/go-playground/validator/v10/translations/de/de.go:770.5,770.107 1 1
github.com/go-playground/validator/v10/translations/de/de.go:770.107,772.6 1 0
github.com/go-playground/validator/v10/translations/de/de.go:774.5,774.128 1 1
github.com/go-playground/validator/v10/translations/de/de.go:774.128,776.6 1 0
github.com/go-playground/validator/v10/translations/de/de.go:778.5,778.11 1 1
github.com/go-playground/validator/v10/translations/de/de.go:780.76,787.30 6 5
github.com/go-playground/validator/v10/translations/de/de.go:787.30,788.58 1 4
github.com/go-playground/validator/v10/translations/de/de.go:788.58,790.7 1 1
github.com/go-playground/validator/v10/translations/de/de.go:792.6,794.12 2 4
github.com/go-playground/validator/v10/translations/de/de.go:797.5,798.28 2 5
github.com/go-playground/validator/v10/translations/de/de.go:798.28,800.6 1 1
github.com/go-playground/validator/v10/translations/de/de.go:802.5,802.17 1 5
github.com/go-playground/validator/v10/translations/de/de.go:803.25,808.20 3 2
github.com/go-playground/validator/v10/translations/de/de.go:808.20,809.15 1 0
github.com/go-playground/validator/v10/translations/de/de.go:812.6,813.20 2 2
github.com/go-playground/validator/v10/translations/de/de.go:813.20,814.15 1 0
[...]
github.com/go-playground/validator/v10/translations/tr/tr.go:286.5,286.19 1 4
github.com/go-playground/validator/v10/translations/tr/tr.go:286.19,289.6 2 0
github.com/go-playground/validator/v10/translations/tr/tr.go:291.5,291.13 1 4
github.com/go-playground/validator/v10/translations/tr/tr.go:298.76,300.19 2 3
github.com/go-playground/validator/v10/translations/tr/tr.go:300.19,303.6 2 0
github.com/go-playground/validator/v10/translations/tr/tr.go:305.5,305.13 1 3
github.com/go-playground/validator/v10/translations/tr/tr.go:312.76,314.19 2 3
github.com/go-playground/validator/v10/translations/tr/tr.go:314.19,317.6 2 0
github.com/go-playground/validator/v10/translations/tr/tr.go:319.5,319.13 1 3
github.com/go-playground/validator/v10/translations/tr/tr.go:324.56,325.99 1 1
github.com/go-playground/validator/v10/translations/tr/tr.go:325.99,327.6 1 0
github.com/go-playground/validator/v10/translations/tr/tr.go:329.5,329.110 1 1
github.com/go-playground/validator/v10/translations/tr/tr.go:329.110,331.6 1 0
github.com/go-playground/validator/v10/translations/tr/tr.go:333.5,333.112 1 1
github.com/go-playground/validator/v10/translations/tr/tr.go:333.112,335.6 1 0
github.com/go-playground/validator/v10/translations/tr/tr.go:337.5,337.98 1 1
github.com/go-playground/validator/v10/translations/tr/tr.go:337.98,339.6 1 0
github.com/go-playground/validator/v10/translations/tr/tr.go:341.5,341.88 1 1
github.com/go-playground/validator/v10/translations/tr/tr.go:341.88,343.6 1 0
github.com/go-playground/validator/v10/translations/tr/tr.go:345.5,345.101 1 1
github.com/go-playground/validator/v10/translations/tr/tr.go:345.101,347.6 1 0
github.com/go-playground/validator/v10/translations/tr/tr.go:349.5,349.103 1 1
github.com/go-playground/validator/v10/translations/tr/tr.go:349.103,351.6 1 0
github.com/go-playground/validator/v10/translations/tr/tr.go:353.5,353.108 1 1
github.com/go-playground/validator/v10/translations/tr/tr.go:353.108,355.6 1 0
github.com/go-playground/validator/v10/translations/tr/tr.go:357.5,357.11 1 1
github.com/go-playground/validator/v10/translations/tr/tr.go:359.76,366.30 6 5
github.com/go-playground/validator/v10/translations/tr/tr.go:366.30,367.58 1 4
github.com/go-playground/validator/v10/translations/tr/tr.go:367.58,369.7 1 1
github.com/go-playground/validator/v10/translations/tr/tr.go:371.6,373.12 2 4
github.com/go-playground/validator/v10/translations/tr/tr.go:376.5,377.28 2 5
github.com/go-playground/validator/v10/translations/tr/tr.go:377.28,379.6 1 1
github.com/go-playground/validator/v10/translations/tr/tr.go:381.5,381.17 1 5
github.com/go-playground/validator/v10/translations/tr/tr.go:382.25,387.20 3 2
github.com/go-playground/validator/v10/translations/tr/tr.go:387.20,388.15 1 0
github.com/go-playground/validator/v10/translations/tr/tr.go:391.6,392.20 2 2
github.com/go-playground/validator/v10/translations/tr/tr.go:392.20,393.15 1 0
github.com/go-playground/validator/v10/translations/tr/tr.go:396.6,396.47 1 2
github.com/go-playground/validator/v10/translations/tr/tr.go:398.52,402.20 3 1
github.com/go-playground/validator/v10/translations/tr/tr.go:402.20,403.15 1 0
github.com/go-playground/validator/v10/translations/tr/tr.go:406.6,407.20 2 1
github.com/go-playground/validator/v10/translations/tr/tr.go:407.20,408.15 1 0
github.com/go-playground/validator/v10/translations/tr/tr.go:411.6,411.46 1 1
github.com/go-playground/validator/v10/translations/tr/tr.go:413.25,414.50 1 1
github.com/go-playground/validator/v10/translations/tr/tr.go:414.50,416.15 2 0
github.com/go-playground/validator/v10/translations/tr/tr.go:419.6,419.46 1 1
github.com/go-playground/validator/v10/translations/tr/tr.go:421.13,423.20 2 1
github.com/go-playground/validator/v10/translations/tr/tr.go:423.20,424.15 1 0
github.com/go-playground/validator/v10/translations/tr/tr.go:427.6,427.71 1 1
github.com/go-playground/validator/v10/translations/tr/tr.go:431.5,431.19 1 5
github.com/go-playground/validator/v10/translations/tr/tr.go:431.19,434.6 2 0
github.com/go-playground/validator/v10/translations/tr/tr.go:436.5,436.13 1 5
github.com/go-playground/validator/v10/translations/tr/tr.go:441.56,442.99 1 1
github.com/go-playground/validator/v10/translations/tr/tr.go:442.99,444.6 1 0
github.com/go-playground/validator/v10/translations/tr/tr.go:446.5,446.111 1 1
github.com/go-playground/validator/v10/translations/tr/tr.go:446.111,448.6 1 0
github.com/go-playground/validator/v10/translations/tr/tr.go:450.5,450.113 1 1
github.com/go-playground/validator/v10/translations/tr/tr.go:450.113,452.6 1 0
github.com/go-playground/validator/v10/translations/tr/tr.go:454.5,454.91 1 1
github.com/go-playground/validator/v10/translations/tr/tr.go:454.91,456.6 1 0
github.com/go-playground/validator/v10/translations/tr/tr.go:458.5,458.87 1 1
github.com/go-playground/validator/v10/translations/tr/tr.go:458.87,460.6 1 0
github.com/go-playground/validator/v10/translations/tr/tr.go:462.5,462.102 1 1
github.com/go-playground/validator/v10/translations/tr/tr.go:462.102,464.6 1 0
github.com/go-playground/validator/v10/translations/tr/tr.go:466.5,466.104 1 1
github.com/go-playground/validator/v10/translations/tr/tr.go:466.104,468.6 1 0
github.com/go-playground/validator/v10/translations/tr/tr.go:470.5,470.124 1 1
github.com/go-playground/validator/v10/translations/tr/tr.go:470.124,472.6 1 0
github.com/go-playground/validator/v10/translations/tr/tr.go:474.5,474.11 1 1
github.com/go-playground/validator/v10/translations/tr/tr.go:476.76,483.30 6 5
github.com/go-playground/validator/v10/translations/tr/tr.go:483.30,484.58 1 4
github.com/go-playground/validator/v10/translations/tr/tr.go:484.58,486.7 1 1
github.com/go-playground/validator/v10/translations/tr/tr.go:488.6,490.12 2 4
github.com/go-playground/validator/v10/translations/tr/tr.go:493.5,494.28 2 5
github.com/go-playground/validator/v10/translations/tr/tr.go:494.28,496.6 1 1
github.com/go-playground/validator/v10/translations/tr/tr.go:498.5,498.17 1 5
github.com/go-playground/validator/v10/translations/tr/tr.go:499.25,504.20 3 2
github.com/go-playground/validator/v10/translations/tr/tr.go:504.20,505.15 1 0
github.com/go-playground/validator/v10/translations/tr/tr.go:508.6,509.20 2 2
github.com/go-playground/validator/v10/translations/tr/tr.go:509.20,510.15 1 0
github.com/go-playground/validator/v10/translations/tr/tr.go:513.6,513.48 1 2
github.com/go-playground/validator/v10/translations/tr/tr.go:515.52,519.20 3 1
github.com/go-playground/validator/v10/translations/tr/tr.go:519.20,520.15 1 0
github.com/go-playground/validator/v10/translations/tr/tr.go:523.6,524.20 2 1
github.com/go-playground/validator/v10/translations/tr/tr.go:524.20,525.15 1 0
github.com/go-playground/validator/v10/translations/tr/tr.go:528.6,528.47 1 1
github.com/go-playground/validator/v10/translations/tr/tr.go:530.25,531.50 1 1
github.com/go-playground/validator/v10/translations/tr/tr.go:531.50,533.15 2 0
github.com/go-playground/validator/v10/translations/tr/tr.go:536.6,536.47 1 1
github.com/go-playground/validator/v10/translations/tr/tr.go:538.13,540.20 2 1
github.com/go-playground/validator/v10/translations/tr/tr.go:540.20,541.15 1 0
github.com/go-playground/validator/v10/translations/tr/tr.go:544.6,544.72 1 1
github.com/go-playground/validator/v10/translations/tr/tr.go:548.5,548.19 1 5
github.com/go-playground/validator/v10/translations/tr/tr.go:548.19,551.6 2 0
github.com/go-playground/validator/v10/translations/tr/tr.go:553.5,553.13 1 5
github.com/go-playground/validator/v10/translations/tr/tr.go:558.56,559.97 1 1
github.com/go-playground/validator/v10/translations/tr/tr.go:559.97,561.6 1 0
github.com/go-playground/validator/v10/translations/tr/tr.go:563.5,563.110 1 1
github.com/go-playground/validator/v10/translations/tr/tr.go:563.110,565.6 1 0
github.com/go-playground/validator/v10/translations/tr/tr.go:567.5,567.112 1 1
github.com/go-playground/validator/v10/translations/tr/tr.go:567.112,569.6 1 0
github.com/go-playground/validator/v10/translations/tr/tr.go:571.5,571.97 1 1
github.com/go-playground/validator/v10/translations/tr/tr.go:571.97,573.6 1 0
github.com/go-playground/validator/v10/translations/tr/tr.go:575.5,575.91 1 1
github.com/go-playground/validator/v10/translations/tr/tr.go:575.91,577.6 1 0
github.com/go-playground/validator/v10/translations/tr/tr.go:579.5,579.101 1 1
github.com/go-playground/validator/v10/translations/tr/tr.go:579.101,581.6 1 0
github.com/go-playground/validator/v10/translations/tr/tr.go:583.5,583.103 1 1
github.com/go-playground/validator/v10/translations/tr/tr.go:583.103,585.6 1 0
github.com/go-playground/validator/v10/translations/tr/tr.go:587.5,587.108 1 1
github.com/go-playground/validator/v10/translations/tr/tr.go:587.108,589.6 1 0
github.com/go-playground/validator/v10/translations/tr/tr.go:591.5,591.11 1 1
github.com/go-playground/validator/v10/translations/tr/tr.go:593.76,600.30 6 5
github.com/go-playground/validator/v10/translations/tr/tr.go:600.30,601.58 1 4
github.com/go-playground/validator/v10/translations/tr/tr.go:601.58,603.7 1 1
github.com/go-playground/validator/v10/translations/tr/tr.go:605.6,607.12 2 4
github.com/go-playground/validator/v10/translations/tr/tr.go:610.5,611.28 2 5
github.com/go-playground/validator/v10/translations/tr/tr.go:611.28,613.6 1 1
github.com/go-playground/validator/v10/translations/tr/tr.go:615.5,615.17 1 5
github.com/go-playground/validator/v10/translations/tr/tr.go:616.25,621.20 3 2
github.com/go-playground/validator/v10/translations/tr/tr.go:621.20,622.15 1 0
github.com/go-playground/validator/v10/translations/tr/tr.go:625.6,626.20 2 2
github.com/go-playground/validator/v10/translations/tr/tr.go:626.20,627.15 1 0
github.com/go-playground/validator/v10/translations/tr/tr.go:630.6,630.47 1 2
github.com/go-playground/validator/v10/translations/tr/tr.go:632.52,636.20 3 1
github.com/go-playground/validator/v10/translations/tr/tr.go:636.20,637.15 1 0
github.com/go-playground/validator/v10/translations/tr/tr.go:640.6,641.20 2 1
github.com/go-playground/validator/v10/translations/tr/tr.go:641.20,642.15 1 0
github.com/go-playground/validator/v10/translations/tr/tr.go:645.6,645.46 1 1
github.com/go-playground/validator/v10/translations/tr/tr.go:647.25,648.50 1 1
github.com/go-playground/validator/v10/translations/tr/tr.go:648.50,650.15 2 0
github.com/go-playground/validator/v10/translations/tr/tr.go:653.6,653.46 1 1
github.com/go-playground/validator/v10/translations/tr/tr.go:655.13,657.20 2 1
github.com/go-playground/validator/v10/translations/tr/tr.go:657.20,658.15 1 0
github.com/go-playground/validator/v10/translations/tr/tr.go:661.6,661.71 1 1
github.com/go-playground/validator/v10/translations/tr/tr.go:665.5,665.19 1 5
github.com/go-playground/validator/v10/translations/tr/tr.go:665.19,668.6 2 0
github.com/go-playground/validator/v10/translations/tr/tr.go:670.5,670.13 1 5
github.com/go-playground/validator/v10/translations/tr/tr.go:675.56,676.96 1 1
github.com/go-playground/validator/v10/translations/tr/tr.go:676.96,678.6 1 0
github.com/go-playground/validator/v10/translations/tr/tr.go:680.5,680.111 1 1
github.com/go-playground/validator/v10/translations/tr/tr.go:680.111,682.6 1 0
github.com/go-playground/validator/v10/translations/tr/tr.go:684.5,684.113 1 1
github.com/go-playground/validator/v10/translations/tr/tr.go:684.113,686.6 1 0
github.com/go-playground/validator/v10/translations/tr/tr.go:688.5,688.96 1 1
github.com/go-playground/validator/v10/translations/tr/tr.go:688.96,690.6 1 0
github.com/go-playground/validator/v10/translations/tr/tr.go:692.5,692.83 1 1
github.com/go-playground/validator/v10/translations/tr/tr.go:692.83,694.6 1 0
github.com/go-playground/validator/v10/translations/tr/tr.go:696.5,696.102 1 1
github.com/go-playground/validator/v10/translations/tr/tr.go:696.102,698.6 1 0
github.com/go-playground/validator/v10/translations/tr/tr.go:700.5,700.104 1 1
github.com/go-playground/validator/v10/translations/tr/tr.go:700.104,702.6 1 0
github.com/go-playground/validator/v10/translations/tr/tr.go:704.5,704.124 1 1
github.com/go-playground/validator/v10/translations/tr/tr.go:704.124,706.6 1 0
github.com/go-playground/validator/v10/translations/tr/tr.go:708.5,708.11 1 1
github.com/go-playground/validator/v10/translations/tr/tr.go:710.76,717.30 6 5
github.com/go-playground/validator/v10/translations/tr/tr.go:717.30,718.58 1 4
github.com/go-playground/validator/v10/translations/tr/tr.go:718.58,720.7 1 1
github.com/go-playground/validator/v10/translations/tr/tr.go:722.6,724.12 2 4
github.com/go-playground/validator/v10/translations/tr/tr.go:727.5,728.28 2 5
github.com/go-playground/validator/v10/translations/tr/tr.go:728.28,730.6 1 1
github.com/go-playground/validator/v10/translations/tr/tr.go:732.5,732.17 1 5
github.com/go-playground/validator/v10/translations/tr/tr.go:733.25,738.20 3 2
github.com/go-playground/validator/v10/translations/tr/tr.go:738.20,739.15 1 0
github.com/go-playground/validator/v10/translations/tr/tr.go:742.6,743.20 2 2
github.com/go-playground/validator/v10/translations/tr/tr.go:743.20,744.15 1 0
github.com/go-playground/validator/v10/translations/tr/tr.go:747.6,747.48 1 2
github.com/go-playground/validator/v10/translations/tr/tr.go:749.52,753.20 3 1
github.com/go-playground/validator/v10/translations/tr/tr.go:753.20,754.15 1 0
github.com/go-playground/validator/v10/translations/tr/tr.go:757.6,758.20 2 1
github.com/go-playground/validator/v10/translations/tr/tr.go:758.20,759.15 1 0
github.com/go-playground/validator/v10/translations/tr/tr.go:762.6,762.47 1 1
github.com/go-playground/validator/v10/translations/tr/tr.go:764.25,765.50 1 1
github.com/go-playground/validator/v10/translations/tr/tr.go:765.50,767.15 2 0
github.com/go-playground/validator/v10/translations/tr/tr.go:770.6,770.47 1 1
github.com/go-playground/validator/v10/translations/tr/tr.go:772.13,774.20 2 1
github.com/go-playground/validator/v10/translations/tr/tr.go:774.20,775.15 1 0
github.com/go-playground/validator/v10/translations/tr/tr.go:778.6,778.72 1 1
github.com/go-playground/validator/v10/translations/tr/tr.go:782.5,782.19 1 5
github.com/go-playground/validator/v10/translations/tr/tr.go:782.19,785.6 2 0
github.com/go-playground/validator/v10/translations/tr/tr.go:787.5,787.13 1 5
github.com/go-playground/validator/v10/translations/tr/tr.go:794.76,796.19 2 1
github.com/go-playground/validator/v10/translations/tr/tr.go:796.19,799.6 2 0
github.com/go-playground/validator/v10/translations/tr/tr.go:801.5,801.13 1 1
github.com/go-playground/validator/v10/translations/tr/tr.go:808.76,810.19 2 1
github.com/go-playground/validator/v10/translations/tr/tr.go:810.19,813.6 2 0
github.com/go-playground/validator/v10/translations/tr/tr.go:815.5,815.13 1 1
github.com/go-playground/validator/v10/translations/tr/tr.go:822.76,824.19 2 1
github.com/go-playground/validator/v10/translations/tr/tr.go:824.19,827.6 2 0
github.com/go-playground/validator/v10/translations/tr/tr.go:829.5,829.13 1 1
github.com/go-playground/validator/v10/translations/tr/tr.go:836.76,838.19 2 1
github.com/go-playground/validator/v10/translations/tr/tr.go:838.19,841.6 2 0
github.com/go-playground/validator/v10/translations/tr/tr.go:843.5,843.13 1 1
github.com/go-playground/validator/v10/translations/tr/tr.go:850.76,852.19 2 1
github.com/go-playground/validator/v10/translations/tr/tr.go:852.19,855.6 2 0
github.com/go-playground/validator/v10/translations/tr/tr.go:857.5,857.13 1 1
github.com/go-playground/validator/v10/translations/tr/tr.go:864.76,866.19 2 1
github.com/go-playground/validator/v10/translations/tr/tr.go:866.19,869.6 2 0
github.com/go-playground/validator/v10/translations/tr/tr.go:871.5,871.13 1 1
github.com/go-playground/validator/v10/translations/tr/tr.go:878.76,880.19 2 1
github.com/go-playground/validator/v10/translations/tr/tr.go:880.19,883.6 2 0
github.com/go-playground/validator/v10/translations/tr/tr.go:885.5,885.13 1 1
github.com/go-playground/validator/v10/translations/tr/tr.go:892.76,894.19 2 1
github.com/go-playground/validator/v10/translations/tr/tr.go:894.19,897.6 2 0
github.com/go-playground/validator/v10/translations/tr/tr.go:899.5,899.13 1 1
github.com/go-playground/validator/v10/translations/tr/tr.go:906.76,908.19 2 1
github.com/go-playground/validator/v10/translations/tr/tr.go:908.19,911.6 2 0
github.com/go-playground/validator/v10/translations/tr/tr.go:913.5,913.13 1 1
github.com/go-playground/validator/v10/translations/tr/tr.go:920.76,922.19 2 1
github.com/go-playground/validator/v10/translations/tr/tr.go:922.19,925.6 2 0
github.com/go-playground/validator/v10/translations/tr/tr.go:927.5,927.13 1 1
github.com/go-playground/validator/v10/translations/tr/tr.go:934.76,936.19 2 1
github.com/go-playground/validator/v10/translations/tr/tr.go:936.19,939.6 2 0
github.com/go-playground/validator/v10/translations/tr/tr.go:941.5,941.13 1 1
github.com/go-playground/validator/v10/translations/tr/tr.go:948.76,950.19 2 1
github.com/go-playground/validator/v10/translations/tr/tr.go:950.19,953.6 2 0
github.com/go-playground/validator/v10/translations/tr/tr.go:955.5,955.13 1 1
github.com/go-playground/validator/v10/translations/tr/tr.go:1032.76,1034.19 2 1
github.com/go-playground/validator/v10/translations/tr/tr.go:1034.19,1037.6 2 0
github.com/go-playground/validator/v10/translations/tr/tr.go:1039.5,1039.13 1 1
github.com/go-playground/validator/v10/translations/tr/tr.go:1046.76,1048.19 2 1
github.com/go-playground/validator/v10/translations/tr/tr.go:1048.19,1051.6 2 0
github.com/go-playground/validator/v10/translations/tr/tr.go:1053.5,1053.13 1 1
github.com/go-playground/validator/v10/translations/tr/tr.go:1060.76,1062.19 2 1
github.com/go-playground/validator/v10/translations/tr/tr.go:1062.19,1065.6 2 0
github.com/go-playground/validator/v10/translations/tr/tr.go:1067.5,1067.13 1 1
github.com/go-playground/validator/v10/translations/tr/tr.go:1074.76,1076.19 2 1
github.com/go-playground/validator/v10/translations/tr/tr.go:1076.19,1079.6 2 0
github.com/go-playground/validator/v10/translations/tr/tr.go:1081.5,1081.13 1 1
github.com/go-playground/validator/v10/translations/tr/tr.go:1088.76,1090.19 2 1
github.com/go-playground/validator/v10/translations/tr/tr.go:1090.19,1093.6 2 0
github.com/go-playground/validator/v10/translations/tr/tr.go:1095.5,1095.13 1 1
github.com/go-playground/validator/v10/translations/tr/tr.go:1277.76,1279.19 2 2
github.com/go-playground/validator/v10/translations/tr/tr.go:1279.19,1282.6 2 0
github.com/go-playground/validator/v10/translations/tr/tr.go:1283.5,1283.13 1 2
github.com/go-playground/validator/v10/translations/tr/tr.go:1293.2,1293.33 1 1
github.com/go-playground/validator/v10/translations/tr/tr.go:1293.33,1294.59 1 78
github.com/go-playground/validator/v10/translations/tr/tr.go:1294.59,1296.4 1 7
github.com/go-playground/validator/v10/translations/tr/tr.go:1296.9,1296.66 1 71
github.com/go-playground/validator/v10/translations/tr/tr.go:1296.66,1298.4 1 20
github.com/go-playground/validator/v10/translations/tr/tr.go:1298.9,1298.66 1 51
github.com/go-playground/validator/v10/translations/tr/tr.go:1298.66,1300.4 1 0
github.com/go-playground/validator/v10/translations/tr/tr.go:1300.9,1302.4 1 51
github.com/go-playground/validator/v10/translations/tr/tr.go:1304.3,1304.17 1 78
github.com/go-playground/validator/v10/translations/tr/tr.go:1304.17,1306.4 1 0
github.com/go-playground/validator/v10/translations/tr/tr.go:1309.2,1309.8 1 1
github.com/go-playground/validator/v10/translations/tr/tr.go:1312.105,1313.44 1 71
github.com/go-playground/validator/v10/translations/tr/tr.go:1313.44,1314.59 1 71
github.com/go-playground/validator/v10/translations/tr/tr.go:1314.59,1316.4 1 0
github.com/go-playground/validator/v10/translations/tr/tr.go:1318.3,1318.9 1 71
github.com/go-playground/validator/v10/translations/tr/tr.go:1322.70,1324.16 2 54
github.com/go-playground/validator/v10/translations/tr/tr.go:1324.16,1327.3 2 0
github.com/go-playground/validator/v10/translations/tr/tr.go:1329.2,1329.10 1 54
